#
# A fatal error has been detected by the Java Runtime Environment:
#
#  EXCEPTION_ACCESS_VIOLATION (0xc0000005) at pc=0x00007ff813defde0, pid=13120, tid=15160
#
# JRE version: Java(TM) SE Runtime Environment (9.0+11) (build 9.0.4+11)
# Java VM: Java HotSpot(TM) 64-Bit Server VM (9.0.4+11, mixed mode, tiered, compressed oops, g1 gc, windows-amd64)
# Problematic frame:
# C  0x00007ff813defde0
#
# No core dump will be written. Minidumps are not enabled by default on client versions of Windows
#
# If you would like to submit a bug report, please visit:
#   http://bugreport.java.com/bugreport/crash.jsp
# The crash happened outside the Java Virtual Machine in native code.
# See problematic frame for where to report the bug.
#

---------------  S U M M A R Y ------------

Command Line: -Dsun.java2d.pmoffscreen=false -Dsun.java2d.xrender=false -Dsun.java2d.d3d=false -Dsun.awt.nopixfmt=true -Dsun.java2d.dpiaware=true -Dsun.java2d.uiScale.enabled=false -Xverify:none -Dswing.aatext=true -XX:-UsePerfData -Djdk.map.althashing.threshold=512 -XX:StringTableSize=4072 --add-opens=java.base/java.nio=ALL-UNNAMED --add-opens=java.desktop/sun.swing=ALL-UNNAMED --add-opens=java.desktop/javax.swing=ALL-UNNAMED --add-opens=java.desktop/javax.swing.tree=ALL-UNNAMED --add-opens=java.desktop/javax.swing.plaf.basic=ALL-UNNAMED --add-opens=java.desktop/javax.swing.plaf.synth=ALL-UNNAMED --add-opens=java.desktop/com.sun.awt=ALL-UNNAMED -XX:NewSize=60m -XX:MaxNewSize=60m -Xms128m -Xmx3072m -Xss5m 

Host: Intel(R) Core(TM) i5-3570K CPU @ 3.40GHz, 4 cores, 15G,  Windows 10 , 64 bit Build 18362 (10.0.18362.1350)
Time: Fri Apr 09 18:26:02 2021 GTB Daylight Time elapsed time: 5743 seconds (0d 1h 35m 43s)

---------------  T H R E A D  ---------------

Current thread (0x000002af75af0000):  JavaThread "AWT-EventQueue-0" [_thread_in_native, id=15160, stack(0x000000d508600000,0x000000d508b00000)]

Stack: [0x000000d508600000,0x000000d508b00000],  sp=0x000000d508af40d8,  free space=5072k
Native frames: (J=compiled Java code, j=interpreted, Vv=VM code, C=native code)
C  0x00007ff813defde0

Java frames: (J=compiled Java code, j=interpreted, Vv=VM code)
J 20974  ui.views.waveform.waveformi.WVExecutive_getGraphicsDataSize(J)J (0 bytes) @ 0x000002af5b0fdf21 [0x000002af5b0fdee0+0x0000000000000041]
J 20973 c1 ui.views.waveform.executive.a.jBs()Ljava/io/ByteArrayInputStream; (93 bytes) @ 0x000002af555504ac [0x000002af555503c0+0x00000000000000ec]
J 28851 c1 ui.views.waveform.b.a.jAN()V (144 bytes) @ 0x000002af5456d5b4 [0x000002af5456d4a0+0x0000000000000114]
J 20951 c1 ui.views.waveform.w.aE(ZZ)V (48 bytes) @ 0x000002af555420cc [0x000002af55541960+0x000000000000076c]
J 17854 c1 ui.views.waveform.c.b.j(Lui/frmwork/b/i;)V (581 bytes) @ 0x000002af544eb244 [0x000002af544e1c00+0x0000000000009644]
J 17853 c1 ui.views.waveform.w.a(Lui/frmwork/b/i;)V (17 bytes) @ 0x000002af52fd2694 [0x000002af52fd25c0+0x00000000000000d4]
J 24199 c2 ui.frmwork.b.l.d(Lui/frmwork/b/i;)V (61 bytes) @ 0x000002af5b3f8ff8 [0x000002af5b3f8ce0+0x0000000000000318]
J 23824 c2 ui.frmwork.G.i(JZ)V (471 bytes) @ 0x000002af5b36a994 [0x000002af5b369280+0x0000000000001714]
J 24494 c2 ui.frmwork.G.fireTclEvent(J)I (113 bytes) @ 0x000002af5b46d9c8 [0x000002af5b46d3a0+0x0000000000000628]
v  ~StubRoutines::call_stub
J 25920  ui.views.waveform.waveformi.WVExecutive_processModelEvent(JJ)V (0 bytes) @ 0x000002af5b254ba4 [0x000002af5b254b60+0x0000000000000044]
J 26627 c1 ui.views.waveform.c.b.ft(J)V (109 bytes) @ 0x000002af555dc764 [0x000002af555dc620+0x0000000000000144]
J 17854 c1 ui.views.waveform.c.b.j(Lui/frmwork/b/i;)V (581 bytes) @ 0x000002af544ebf3c [0x000002af544e1c00+0x000000000000a33c]
J 17853 c1 ui.views.waveform.w.a(Lui/frmwork/b/i;)V (17 bytes) @ 0x000002af52fd2694 [0x000002af52fd25c0+0x00000000000000d4]
J 24199 c2 ui.frmwork.b.l.d(Lui/frmwork/b/i;)V (61 bytes) @ 0x000002af5b3f8ff8 [0x000002af5b3f8ce0+0x0000000000000318]
J 23824 c2 ui.frmwork.G.i(JZ)V (471 bytes) @ 0x000002af5b36a994 [0x000002af5b369280+0x0000000000001714]
J 24494 c2 ui.frmwork.G.fireTclEvent(J)I (113 bytes) @ 0x000002af5b46d9c8 [0x000002af5b46d3a0+0x0000000000000628]
v  ~StubRoutines::call_stub
J 25920  ui.views.waveform.waveformi.WVExecutive_processModelEvent(JJ)V (0 bytes) @ 0x000002af5b254ba4 [0x000002af5b254b60+0x0000000000000044]
J 26627 c1 ui.views.waveform.c.b.ft(J)V (109 bytes) @ 0x000002af555dc764 [0x000002af555dc620+0x0000000000000144]
j  ui.views.waveform.c.e.actionPerformed(Ljava/awt/event/ActionEvent;)V+8
J 21101 c2 javax.swing.Timer.fireActionPerformed(Ljava/awt/event/ActionEvent;)V java.desktop@9.0.4 (46 bytes) @ 0x000002af59e6c2e0 [0x000002af59e6c1c0+0x0000000000000120]
J 21090 c2 javax.swing.Timer$DoPostEvent.run()V java.desktop@9.0.4 (82 bytes) @ 0x000002af5b1263ec [0x000002af5b1260e0+0x000000000000030c]
J 15877 c2 java.awt.event.InvocationEvent.dispatch()V java.desktop@9.0.4 (69 bytes) @ 0x000002af5aab869c [0x000002af5aab8640+0x000000000000005c]
J 14865 c2 java.awt.EventQueue$3.run()Ljava/lang/Object; java.desktop@9.0.4 (5 bytes) @ 0x000002af5a990350 [0x000002af5a98ff40+0x0000000000000410]
v  ~StubRoutines::call_stub
J 4424  java.security.AccessController.doPrivileged(Ljava/security/PrivilegedAction;Ljava/security/AccessControlContext;)Ljava/lang/Object; java.base@9.0.4 (0 bytes) @ 0x000002af5a02f6c6 [0x000002af5a02f660+0x0000000000000066]
J 14525 c2 java.awt.EventQueue.dispatchEvent(Ljava/awt/AWTEvent;)V java.desktop@9.0.4 (80 bytes) @ 0x000002af5a91e218 [0x000002af5a91dcc0+0x0000000000000558]
J 16480 c2 ui.frmwork.b.d.dispatchEvent(Ljava/awt/AWTEvent;)V (34 bytes) @ 0x000002af59ed64bc [0x000002af59ed63e0+0x00000000000000dc]
J 23605 c2 java.awt.EventDispatchThread.pumpOneEventForFilters(I)V java.desktop@9.0.4 (218 bytes) @ 0x000002af5ae57438 [0x000002af5ae57180+0x00000000000002b8]
J 24212 c2 java.awt.EventDispatchThread.pumpEventsForFilter(ILjava/awt/Conditional;Ljava/awt/EventFilter;)V java.desktop@9.0.4 (47 bytes) @ 0x000002af5b3fda8c [0x000002af5b3fd8e0+0x00000000000001ac]
j  java.awt.EventDispatchThread.pumpEventsForFilter(Ljava/awt/Conditional;Ljava/awt/EventFilter;)V+4 java.desktop@9.0.4
j  java.awt.WaitDispatchSupport$2.run()V+59 java.desktop@9.0.4
j  java.awt.WaitDispatchSupport$4.run()Ljava/lang/Void;+4 java.desktop@9.0.4
j  java.awt.WaitDispatchSupport$4.run()Ljava/lang/Object;+1 java.desktop@9.0.4
v  ~StubRoutines::call_stub
J 1034  java.security.AccessController.doPrivileged(Ljava/security/PrivilegedAction;)Ljava/lang/Object; java.base@9.0.4 (0 bytes) @ 0x000002af59e4ccb2 [0x000002af59e4cc60+0x0000000000000052]
j  java.awt.WaitDispatchSupport.enter()Z+260 java.desktop@9.0.4
j  java.awt.Dialog.show()V+225 java.desktop@9.0.4
J 29963 c1 ui.b.c.g.setVisible(Z)V (15 bytes) @ 0x000002af5321464c [0x000002af532143a0+0x00000000000002ac]
j  ui.b.c.bz.showDialog()V+64
j  ui.b.c.bI.actionPerformed(Ljava/awt/event/ActionEvent;)V+8
j  ui.b.c.bz.eWx()V+390
j  ui.views.c.t.b.a.run()V+60
j  ui.frmwork.a.gJb()Z+66
j  ui.frmwork.Y.gKQ()V+42
j  ui.bn.actionPerformed(Ljava/awt/event/ActionEvent;)V+25
j  javax.swing.AbstractButton.fireActionPerformed(Ljava/awt/event/ActionEvent;)V+84 java.desktop@9.0.4
j  ui.utils.swing.b.E.fireActionPerformed(Ljava/awt/event/ActionEvent;)V+7
j  javax.swing.AbstractButton$Handler.actionPerformed(Ljava/awt/event/ActionEvent;)V+5 java.desktop@9.0.4
j  javax.swing.DefaultButtonModel.fireActionPerformed(Ljava/awt/event/ActionEvent;)V+34 java.desktop@9.0.4
J 26630 c1 javax.swing.DefaultButtonModel.setPressed(Z)V java.desktop@9.0.4 (125 bytes) @ 0x000002af555dbb44 [0x000002af555dac80+0x0000000000000ec4]
j  javax.swing.plaf.basic.BasicButtonListener.mouseReleased(Ljava/awt/event/MouseEvent;)V+35 java.desktop@9.0.4
j  com.jidesoft.plaf.basic.BasicJideButtonListener.mouseReleased(Ljava/awt/event/MouseEvent;)V+61
J 21921 c1 java.awt.AWTEventMulticaster.mouseReleased(Ljava/awt/event/MouseEvent;)V java.desktop@9.0.4 (27 bytes) @ 0x000002af54499f0c [0x000002af54499d00+0x000000000000020c]
J 21921 c1 java.awt.AWTEventMulticaster.mouseReleased(Ljava/awt/event/MouseEvent;)V java.desktop@9.0.4 (27 bytes) @ 0x000002af54499f0c [0x000002af54499d00+0x000000000000020c]
J 21921 c1 java.awt.AWTEventMulticaster.mouseReleased(Ljava/awt/event/MouseEvent;)V java.desktop@9.0.4 (27 bytes) @ 0x000002af54499f0c [0x000002af54499d00+0x000000000000020c]
J 25068 c2 javax.swing.JComponent.processMouseEvent(Ljava/awt/event/MouseEvent;)V java.desktop@9.0.4 (27 bytes) @ 0x000002af5ab78a90 [0x000002af5ab788a0+0x00000000000001f0]
J 26305 c2 java.awt.Container.processEvent(Ljava/awt/AWTEvent;)V java.desktop@9.0.4 (22 bytes) @ 0x000002af5b5bc5fc [0x000002af5b5bc4e0+0x000000000000011c]
J 26179 c2 java.awt.Component.dispatchEventImpl(Ljava/awt/AWTEvent;)V java.desktop@9.0.4 (739 bytes) @ 0x000002af5b58b360 [0x000002af5b58aa20+0x0000000000000940]
J 29418 c2 java.awt.Container.dispatchEventImpl(Ljava/awt/AWTEvent;)V java.desktop@9.0.4 (129 bytes) @ 0x000002af5ba4b01c [0x000002af5ba4afa0+0x000000000000007c]
J 18127 c2 java.awt.LightweightDispatcher.retargetMouseEvent(Ljava/awt/Component;ILjava/awt/event/MouseEvent;)V java.desktop@9.0.4 (350 bytes) @ 0x000002af5ad1110c [0x000002af5ad10b60+0x00000000000005ac]
J 29418 c2 java.awt.Container.dispatchEventImpl(Ljava/awt/AWTEvent;)V java.desktop@9.0.4 (129 bytes) @ 0x000002af5ba4b87c [0x000002af5ba4afa0+0x00000000000008dc]
J 20946 c2 java.awt.Window.dispatchEventImpl(Ljava/awt/AWTEvent;)V java.desktop@9.0.4 (23 bytes) @ 0x000002af5b0f9c8c [0x000002af5b0f9c40+0x000000000000004c]
J 14865 c2 java.awt.EventQueue$3.run()Ljava/lang/Object; java.desktop@9.0.4 (5 bytes) @ 0x000002af5a9903d8 [0x000002af5a98ff40+0x0000000000000498]
v  ~StubRoutines::call_stub
J 4424  java.security.AccessController.doPrivileged(Ljava/security/PrivilegedAction;Ljava/security/AccessControlContext;)Ljava/lang/Object; java.base@9.0.4 (0 bytes) @ 0x000002af5a02f6c6 [0x000002af5a02f660+0x0000000000000066]
J 18529 c2 java.awt.EventQueue$4.run()Ljava/lang/Object; java.desktop@9.0.4 (5 bytes) @ 0x000002af5adab5c0 [0x000002af5adab360+0x0000000000000260]
v  ~StubRoutines::call_stub
J 4424  java.security.AccessController.doPrivileged(Ljava/security/PrivilegedAction;Ljava/security/AccessControlContext;)Ljava/lang/Object; java.base@9.0.4 (0 bytes) @ 0x000002af5a02f6c6 [0x000002af5a02f660+0x0000000000000066]
J 14525 c2 java.awt.EventQueue.dispatchEvent(Ljava/awt/AWTEvent;)V java.desktop@9.0.4 (80 bytes) @ 0x000002af5a91e040 [0x000002af5a91dcc0+0x0000000000000380]
J 16480 c2 ui.frmwork.b.d.dispatchEvent(Ljava/awt/AWTEvent;)V (34 bytes) @ 0x000002af59ed64bc [0x000002af59ed63e0+0x00000000000000dc]
J 23605 c2 java.awt.EventDispatchThread.pumpOneEventForFilters(I)V java.desktop@9.0.4 (218 bytes) @ 0x000002af5ae57438 [0x000002af5ae57180+0x00000000000002b8]
J 24068% c2 java.awt.EventDispatchThread.pumpEventsForFilter(ILjava/awt/Conditional;Ljava/awt/EventFilter;)V java.desktop@9.0.4 (47 bytes) @ 0x000002af5b39f458 [0x000002af5b39f340+0x0000000000000118]
j  java.awt.EventDispatchThread.pumpEventsForHierarchy(ILjava/awt/Conditional;Ljava/awt/Component;)V+11 java.desktop@9.0.4
j  java.awt.EventDispatchThread.pumpEvents(ILjava/awt/Conditional;)V+4 java.desktop@9.0.4
j  java.awt.EventDispatchThread.pumpEvents(Ljava/awt/Conditional;)V+3 java.desktop@9.0.4
j  java.awt.EventDispatchThread.run()V+9 java.desktop@9.0.4
v  ~StubRoutines::call_stub

siginfo: EXCEPTION_ACCESS_VIOLATION (0xc0000005), data execution prevention violation at address 0x00007ff813defde0


Register to memory mapping:

RIP=0x00007ff813defde0 is an unknown value
RAX=0x00007ff813d93610 is an unknown value
RBX=0x000000d508af4240 is pointing into the stack for thread: 0x000002af75af0000
RCX=0x000002af2021f2b0 is an unknown value
RDX=0x000002af2b77d5c0 is an unknown value
RSP=0x000000d508af40d8 is pointing into the stack for thread: 0x000002af75af0000
RBP=0x000000d508af4200 is pointing into the stack for thread: 0x000002af75af0000
RSI=0x000002af2b77d5c0 is an unknown value
RDI=0x000002af2021f2b0 is an unknown value
R8 =0x000000d508af4200 is pointing into the stack for thread: 0x000002af75af0000
R9 =0x000000d508af4240 is pointing into the stack for thread: 0x000002af75af0000
R10=0x000002af2b77d5d0 is an unknown value
R11=0x000002af764f10f0 is an unknown value
R12=0x0000000000000000 is an unknown value
R13=0x0000000000000000 is an unknown value
R14=0x000002af2b77d5c0 is an unknown value
R15=0x0000000000000001 is an unknown value


Registers:
RAX=0x00007ff813d93610, RBX=0x000000d508af4240, RCX=0x000002af2021f2b0, RDX=0x000002af2b77d5c0
RSP=0x000000d508af40d8, RBP=0x000000d508af4200, RSI=0x000002af2b77d5c0, RDI=0x000002af2021f2b0
R8 =0x000000d508af4200, R9 =0x000000d508af4240, R10=0x000002af2b77d5d0, R11=0x000002af764f10f0
R12=0x0000000000000000, R13=0x0000000000000000, R14=0x000002af2b77d5c0, R15=0x0000000000000001
RIP=0x00007ff813defde0, EFLAGS=0x0000000000010206

Top of Stack: (sp=0x000000d508af40d8)
0x000000d508af40d8:   00007ff813aaf29c 0000011e00000000
0x000000d508af40e8:   000002af44455e80 0000011e0000011c
0x000000d508af40f8:   000002af44450000 000002af444502a4
0x000000d508af4108:   000000d508af4240 000000d508af4200
0x000000d508af4118:   000002af2b77d5c0 fffffffffffffffe
0x000000d508af4128:   0000000000000000 0000000000000000
0x000000d508af4138:   0000000000000010 0000000000000008
0x000000d508af4148:   0000000000000002 000002af444d0000
0x000000d508af4158:   000000d508af4219 0000000000000001
0x000000d508af4168:   00007ff8b173b434 000002af44450000
0x000000d508af4178:   0000011e00000003 0000000000000008
0x000000d508af4188:   0000011e00000000 0000b77ac97054bd
0x000000d508af4198:   00007ff8b173b91f 00007ff800000002
0x000000d508af41a8:   000000d508af4318 000002af31729b80
0x000000d508af41b8:   000000d508af4249 000000d508af4300
0x000000d508af41c8:   00007ff813aa63d7 0000000000000000 

Instructions: (pc=0x00007ff813defde0)
0x00007ff813defdc0:   00 00 00 00 ff ff ff ff 00 00 00 00 40 00 00 00
0x00007ff813defdd0:   90 fd 46 00 00 00 00 00 00 00 00 00 00 00 00 00
0x00007ff813defde0:   01 00 00 00 00 00 00 00 00 00 00 00 40 9d 5a 00
0x00007ff813defdf0:   08 fe 46 00 e0 fd 46 00 00 00 00 00 00 00 00 00 



---------------  P R O C E S S  ---------------

Java Threads: ( => current thread )
  0x000002af25140800 JavaThread "Relaunch Simulation Thread" [_thread_blocked, id=13684, stack(0x000000d50cd00000,0x000000d50d200000)]
  0x000002af25143000 JavaThread "Thread-5522" [_thread_in_native, id=15004, stack(0x000000d502000000,0x000000d502100000)]
  0x000002af25147800 JavaThread "Thread-5521" [_thread_in_native, id=16012, stack(0x000000d501f00000,0x000000d502000000)]
  0x000002af25146800 JavaThread "Monitor File Timestamp Swing Worker Thread" [_thread_blocked, id=17072, stack(0x000000d50e500000,0x000000d50ea00000)]
  0x000002af25145000 JavaThread "Timer-16" [_thread_blocked, id=18376, stack(0x000000d50d200000,0x000000d50d700000)]
  0x000002af25142000 JavaThread "Update Runs Swing Worker Thread" [_thread_blocked, id=7268, stack(0x000000d50d700000,0x000000d50dc00000)]
  0x000002af25144800 JavaThread "Refresh Filesets Swing Worker Thread" [_thread_blocked, id=15140, stack(0x000000d509a00000,0x000000d509f00000)]
  0x000002af762af800 JavaThread "SyntheticaAnimation 50" daemon [_thread_blocked, id=10816, stack(0x000000d50c800000,0x000000d50cd00000)]
  0x000002af762b7000 JavaThread "Swing-Shell" daemon [_thread_blocked, id=2560, stack(0x000000d50e000000,0x000000d50e500000)]
  0x000002af762b6000 JavaThread "Image Animator 3" daemon [_thread_blocked, id=14420, stack(0x000000d50c300000,0x000000d50c800000)]
  0x000002af762b4800 JavaThread "SyntheticaAnimation 50" daemon [_thread_blocked, id=17876, stack(0x000000d50bd00000,0x000000d50c200000)]
  0x000002af762b4000 JavaThread "hw_ila_monitor" [_thread_blocked, id=13096, stack(0x000000d50ac00000,0x000000d50b100000)]
  0x000002af6774d000 JavaThread "SyntheticaAnimation 70" daemon [_thread_blocked, id=13660, stack(0x000000d508b00000,0x000000d509000000)]
  0x000002af67749800 JavaThread "SyntheticaAnimation 25" daemon [_thread_blocked, id=2360, stack(0x000000d50b800000,0x000000d50bd00000)]
  0x000002af67748800 JavaThread "SyntheticaAnimation 50" daemon [_thread_blocked, id=14776, stack(0x000000d50b300000,0x000000d50b800000)]
  0x000002af6774b800 JavaThread "Monitor HEventQueue Thread" [_thread_blocked, id=9356, stack(0x000000d50a700000,0x000000d50ac00000)]
  0x000002af6774a000 JavaThread "SyntheticaCleanerThread" daemon [_thread_blocked, id=4812, stack(0x000000d509f00000,0x000000d50a400000)]
  0x000002af67746800 JavaThread "Batik CleanerThread" daemon [_thread_blocked, id=10084, stack(0x000000d509500000,0x000000d509a00000)]
  0x000002af75f6a000 JavaThread "Process Messages Thread" [_thread_blocked, id=15904, stack(0x000000d509000000,0x000000d509500000)]
  0x000002af75972800 JavaThread "Thread-1" [_thread_in_native, id=7156, stack(0x000000d502300000,0x000000d503700000)]
=>0x000002af75af0000 JavaThread "AWT-EventQueue-0" [_thread_in_native, id=15160, stack(0x000000d508600000,0x000000d508b00000)]
  0x000002af75a19000 JavaThread "TimerQueue" daemon [_thread_blocked, id=16368, stack(0x000000d507c00000,0x000000d508100000)]
  0x000002af73929000 JavaThread "AWT-Windows" daemon [_thread_in_native, id=18180, stack(0x000000d507700000,0x000000d507c00000)]
  0x000002af73928800 JavaThread "AWT-Shutdown" [_thread_blocked, id=18200, stack(0x000000d507200000,0x000000d507700000)]
  0x000002af73dbd800 JavaThread "Java2D Disposer" daemon [_thread_blocked, id=1872, stack(0x000000d506d00000,0x000000d507200000)]
  0x000002af67762800 JavaThread "Service Thread" daemon [_thread_blocked, id=8696, stack(0x000000d506700000,0x000000d506c00000)]
  0x000002af6a903000 JavaThread "Common-Cleaner" daemon [_thread_blocked, id=15372, stack(0x000000d506200000,0x000000d506700000)]
  0x000002af6774c800 JavaThread "Sweeper thread" daemon [_thread_blocked, id=7320, stack(0x000000d505d00000,0x000000d506200000)]
  0x000002af6865e800 JavaThread "C1 CompilerThread2" daemon [_thread_blocked, id=9320, stack(0x000000d505c00000,0x000000d505d00000)]
  0x000002af69576000 JavaThread "C2 CompilerThread1" daemon [_thread_blocked, id=8040, stack(0x000000d505b00000,0x000000d505c00000)]
  0x000002af69575800 JavaThread "C2 CompilerThread0" daemon [_thread_blocked, id=14892, stack(0x000000d505a00000,0x000000d505b00000)]
  0x000002af4a193000 JavaThread "Attach Listener" daemon [_thread_blocked, id=13656, stack(0x000000d505500000,0x000000d505a00000)]
  0x000002af4a192000 JavaThread "Signal Dispatcher" daemon [_thread_blocked, id=8388, stack(0x000000d505000000,0x000000d505500000)]
  0x000002af650b6000 JavaThread "Finalizer" daemon [_thread_blocked, id=14936, stack(0x000000d504b00000,0x000000d505000000)]
  0x000002af69371800 JavaThread "Reference Handler" daemon [_thread_blocked, id=15192, stack(0x000000d504600000,0x000000d504b00000)]
  0x000002af687e9800 JavaThread "main" [_thread_blocked, id=2580, stack(0x000000d502200000,0x000000d502300000)]

Other Threads:
  0x000002af6a8ad800 VMThread "VM Thread" [stack: 0x000000d504500000,0x000000d504600000] [id=17436]
  0x000002af68aed800 WatcherThread [stack: 0x000000d506c00000,0x000000d506d00000] [id=10724]
  0x000002af66edf800 GCTaskThread "GC Thread#0" [stack: 0x000000d503a00000,0x000000d503b00000] [id=16948]
  0x000002af66ee2000 GCTaskThread "GC Thread#1" [stack: 0x000000d503b00000,0x000000d503c00000] [id=13244]
  0x000002af66ee3000 GCTaskThread "GC Thread#2" [stack: 0x000000d503c00000,0x000000d503d00000] [id=13396]
  0x000002af68aeb000 GCTaskThread "GC Thread#3" [stack: 0x000000d503d00000,0x000000d503e00000] [id=12884]
  0x000002af68d51800 ConcurrentGCThread "G1 Main Marker" [stack: 0x000000d504300000,0x000000d504400000] [id=8156]
  0x000002af68aee000 ConcurrentGCThread "G1 Marker#0" [stack: 0x000000d504400000,0x000000d504500000] [id=8844]
  0x000002af6a5c4000 ConcurrentGCThread "G1 Refine#0" [stack: 0x000000d504100000,0x000000d504200000] [id=9496]
  0x000002af6a618000 ConcurrentGCThread "G1 Refine#1" [stack: 0x000000d504000000,0x000000d504100000] [id=17576]
  0x000002af68b57000 ConcurrentGCThread "G1 Refine#2" [stack: 0x000000d503f00000,0x000000d504000000] [id=7448]
  0x000002af63cd2800 ConcurrentGCThread "G1 Refine#3" [stack: 0x000000d503e00000,0x000000d503f00000] [id=11720]
  0x000002af699f9000 ConcurrentGCThread "G1 Young RemSet Sampling" [stack: 0x000000d504200000,0x000000d504300000] [id=10332]

Threads with active compile tasks:

VM state:not at safepoint (normal execution)

VM Mutex/Monitor currently owned by a thread: None

Heap address: 0x0000000700000000, size: 3072 MB, Compressed Oops mode: Zero based, Oop shift amount: 3
Narrow klass base: 0x0000000000000000, Narrow klass shift: 3
Compressed class space size: 1073741824 Address: 0x00000007c0000000

Heap:
 garbage-first heap   total 389120K, used 145582K [0x0000000700000000, 0x0000000700100be0, 0x00000007c0000000)
  region size 1024K, 4 young (4096K), 1 survivors (1024K)
 Metaspace       used 92767K, capacity 94837K, committed 103244K, reserved 1138688K
  class space    used 12455K, capacity 12892K, committed 14668K, reserved 1048576K
Heap Regions: E=young(eden), S=young(survivor), O=old, HS=humongous(starts), HC=humongous(continues), CS=collection set, F=free, A=archive, TS=gc time stamp, AC=allocation context, TAMS=top-at-mark-start (previous, next)
|   0|0x0000000700000000, 0x00000007000f2d50, 0x0000000700100000| 94%| O|  |TS  0|AC  0|TAMS 0x0000000700000000, 0x0000000700000000|
|   1|0x0000000700100000, 0x00000007001cf598, 0x0000000700200000| 80%| O|  |TS  0|AC  0|TAMS 0x0000000700100000, 0x0000000700100000|
|   2|0x0000000700200000, 0x0000000700300000, 0x0000000700300000|100%|HS|  |TS  0|AC  0|TAMS 0x0000000700200000, 0x0000000700200000|
|   3|0x0000000700300000, 0x0000000700400000, 0x0000000700400000|100%|HC|  |TS  0|AC  0|TAMS 0x0000000700300000, 0x0000000700300000|
|   4|0x0000000700400000, 0x0000000700500000, 0x0000000700500000|100%|HS|  |TS  0|AC  0|TAMS 0x0000000700400000, 0x0000000700400000|
|   5|0x0000000700500000, 0x00000007005fb828, 0x0000000700600000| 98%| O|  |TS  0|AC  0|TAMS 0x0000000700500000, 0x0000000700500000|
|   6|0x0000000700600000, 0x00000007006cd708, 0x0000000700700000| 80%| O|  |TS  0|AC  0|TAMS 0x0000000700600000, 0x0000000700600000|
|   7|0x0000000700700000, 0x00000007007dea30, 0x0000000700800000| 86%| O|  |TS  0|AC  0|TAMS 0x0000000700700000, 0x0000000700700000|
|   8|0x0000000700800000, 0x00000007008e7ff0, 0x0000000700900000| 90%| O|  |TS  0|AC  0|TAMS 0x0000000700800000, 0x0000000700800000|
|   9|0x0000000700900000, 0x00000007009f9388, 0x0000000700a00000| 97%| O|  |TS  0|AC  0|TAMS 0x0000000700900000, 0x0000000700900000|
|  10|0x0000000700a00000, 0x0000000700affff0, 0x0000000700b00000| 99%| O|  |TS  0|AC  0|TAMS 0x0000000700a00000, 0x0000000700a00000|
|  11|0x0000000700b00000, 0x0000000700bffaf8, 0x0000000700c00000| 99%| O|  |TS  0|AC  0|TAMS 0x0000000700b00000, 0x0000000700b00000|
|  12|0x0000000700c00000, 0x0000000700d00000, 0x0000000700d00000|100%| O|  |TS  0|AC  0|TAMS 0x0000000700c00000, 0x0000000700c00000|
|  13|0x0000000700d00000, 0x0000000700dfffb0, 0x0000000700e00000| 99%| O|  |TS  0|AC  0|TAMS 0x0000000700d00000, 0x0000000700d00000|
|  14|0x0000000700e00000, 0x0000000700f00000, 0x0000000700f00000|100%| O|  |TS  0|AC  0|TAMS 0x0000000700e00000, 0x0000000700e00000|
|  15|0x0000000700f00000, 0x0000000700fc8b90, 0x0000000701000000| 78%| O|  |TS  0|AC  0|TAMS 0x0000000700f00000, 0x0000000700f00000|
|  16|0x0000000701000000, 0x00000007010ffff8, 0x0000000701100000| 99%| O|  |TS  0|AC  0|TAMS 0x0000000701000000, 0x0000000701000000|
|  17|0x0000000701100000, 0x00000007011ffff0, 0x0000000701200000| 99%| O|  |TS  0|AC  0|TAMS 0x0000000701100000, 0x0000000701100000|
|  18|0x0000000701200000, 0x00000007012fa7e8, 0x0000000701300000| 97%| O|  |TS  0|AC  0|TAMS 0x0000000701200000, 0x0000000701200000|
|  19|0x0000000701300000, 0x0000000701400000, 0x0000000701400000|100%| O|  |TS  0|AC  0|TAMS 0x0000000701300000, 0x0000000701300000|
|  20|0x0000000701400000, 0x00000007014fffe8, 0x0000000701500000| 99%| O|  |TS  0|AC  0|TAMS 0x0000000701400000, 0x0000000701400000|
|  21|0x0000000701500000, 0x0000000701600000, 0x0000000701600000|100%| O|  |TS  0|AC  0|TAMS 0x0000000701500000, 0x0000000701500000|
|  22|0x0000000701600000, 0x00000007016fffe0, 0x0000000701700000| 99%| O|  |TS  0|AC  0|TAMS 0x0000000701600000, 0x0000000701600000|
|  23|0x0000000701700000, 0x00000007017ffff0, 0x0000000701800000| 99%| O|  |TS  0|AC  0|TAMS 0x0000000701700000, 0x0000000701700000|
|  24|0x0000000701800000, 0x00000007018ffff8, 0x0000000701900000| 99%| O|  |TS  0|AC  0|TAMS 0x0000000701800000, 0x0000000701800000|
|  25|0x0000000701900000, 0x00000007019ffff0, 0x0000000701a00000| 99%| O|  |TS  0|AC  0|TAMS 0x0000000701900000, 0x0000000701900000|
|  26|0x0000000701a00000, 0x0000000701afffc0, 0x0000000701b00000| 99%| O|  |TS  0|AC  0|TAMS 0x0000000701a00000, 0x0000000701a00000|
|  27|0x0000000701b00000, 0x0000000701bffff8, 0x0000000701c00000| 99%| O|  |TS  0|AC  0|TAMS 0x0000000701b00000, 0x0000000701b00000|
|  28|0x0000000701c00000, 0x0000000701cffe70, 0x0000000701d00000| 99%| O|  |TS  0|AC  0|TAMS 0x0000000701c00000, 0x0000000701c00000|
|  29|0x0000000701d00000, 0x0000000701dffff8, 0x0000000701e00000| 99%| O|  |TS  0|AC  0|TAMS 0x0000000701d00000, 0x0000000701d00000|
|  30|0x0000000701e00000, 0x0000000701efffe0, 0x0000000701f00000| 99%| O|  |TS  0|AC  0|TAMS 0x0000000701e00000, 0x0000000701e00000|
|  31|0x0000000701f00000, 0x0000000702000000, 0x0000000702000000|100%| O|  |TS  0|AC  0|TAMS 0x0000000701f00000, 0x0000000701f00000|
|  32|0x0000000702000000, 0x00000007020fffe0, 0x0000000702100000| 99%| O|  |TS  0|AC  0|TAMS 0x0000000702000000, 0x0000000702000000|
|  33|0x0000000702100000, 0x0000000702200000, 0x0000000702200000|100%| O|  |TS  0|AC  0|TAMS 0x0000000702100000, 0x0000000702100000|
|  34|0x0000000702200000, 0x00000007022ffff8, 0x0000000702300000| 99%| O|  |TS  0|AC  0|TAMS 0x0000000702200000, 0x0000000702200000|
|  35|0x0000000702300000, 0x00000007023fffe8, 0x0000000702400000| 99%| O|  |TS  0|AC  0|TAMS 0x0000000702300000, 0x0000000702300000|
|  36|0x0000000702400000, 0x00000007024ff1d0, 0x0000000702500000| 99%| O|  |TS  0|AC  0|TAMS 0x0000000702400000, 0x0000000702400000|
|  37|0x0000000702500000, 0x00000007025ffff8, 0x0000000702600000| 99%| O|  |TS  0|AC  0|TAMS 0x0000000702500000, 0x0000000702500000|
|  38|0x0000000702600000, 0x0000000702700000, 0x0000000702700000|100%| O|  |TS  0|AC  0|TAMS 0x0000000702600000, 0x0000000702600000|
|  39|0x0000000702700000, 0x00000007027ffed8, 0x0000000702800000| 99%| O|  |TS  0|AC  0|TAMS 0x0000000702700000, 0x0000000702700000|
|  40|0x0000000702800000, 0x0000000702900000, 0x0000000702900000|100%| O|  |TS  0|AC  0|TAMS 0x0000000702800000, 0x0000000702800000|
|  41|0x0000000702900000, 0x00000007029fffe8, 0x0000000702a00000| 99%| O|  |TS  0|AC  0|TAMS 0x0000000702900000, 0x0000000702900000|
|  42|0x0000000702a00000, 0x0000000702afffd8, 0x0000000702b00000| 99%| O|  |TS  0|AC  0|TAMS 0x0000000702a00000, 0x0000000702a00000|
|  43|0x0000000702b00000, 0x0000000702c00000, 0x0000000702c00000|100%| O|  |TS  0|AC  0|TAMS 0x0000000702b00000, 0x0000000702b00000|
|  44|0x0000000702c00000, 0x0000000702cffff0, 0x0000000702d00000| 99%| O|  |TS  0|AC  0|TAMS 0x0000000702c00000, 0x0000000702c00000|
|  45|0x0000000702d00000, 0x0000000702dfffc8, 0x0000000702e00000| 99%| O|  |TS  0|AC  0|TAMS 0x0000000702d00000, 0x0000000702d00000|
|  46|0x0000000702e00000, 0x0000000702efe330, 0x0000000702f00000| 99%| O|  |TS  0|AC  0|TAMS 0x0000000702e00000, 0x0000000702e00000|
|  47|0x0000000702f00000, 0x0000000702ffffe8, 0x0000000703000000| 99%| O|  |TS  0|AC  0|TAMS 0x0000000702f00000, 0x0000000702f00000|
|  48|0x0000000703000000, 0x00000007030fff68, 0x0000000703100000| 99%| O|  |TS  0|AC  0|TAMS 0x0000000703000000, 0x0000000703000000|
|  49|0x0000000703100000, 0x00000007031ffff0, 0x0000000703200000| 99%| O|  |TS  0|AC  0|TAMS 0x0000000703100000, 0x0000000703100000|
|  50|0x0000000703200000, 0x00000007032ffff0, 0x0000000703300000| 99%| O|  |TS  0|AC  0|TAMS 0x0000000703200000, 0x0000000703200000|
|  51|0x0000000703300000, 0x0000000703400000, 0x0000000703400000|100%| O|  |TS  0|AC  0|TAMS 0x0000000703300000, 0x0000000703300000|
|  52|0x0000000703400000, 0x00000007034ff990, 0x0000000703500000| 99%| O|  |TS  0|AC  0|TAMS 0x0000000703400000, 0x0000000703400000|
|  53|0x0000000703500000, 0x00000007035fffd8, 0x0000000703600000| 99%| O|  |TS  0|AC  0|TAMS 0x0000000703500000, 0x0000000703500000|
|  54|0x0000000703600000, 0x00000007036fff80, 0x0000000703700000| 99%| O|  |TS  0|AC  0|TAMS 0x0000000703600000, 0x0000000703600000|
|  55|0x0000000703700000, 0x0000000703800000, 0x0000000703800000|100%|HS|  |TS  0|AC  0|TAMS 0x0000000703700000, 0x0000000703700000|
|  56|0x0000000703800000, 0x0000000703900000, 0x0000000703900000|100%|HC|  |TS  0|AC  0|TAMS 0x0000000703800000, 0x0000000703800000|
|  57|0x0000000703900000, 0x0000000703a00000, 0x0000000703a00000|100%|HC|  |TS  0|AC  0|TAMS 0x0000000703900000, 0x0000000703900000|
|  58|0x0000000703a00000, 0x0000000703b00000, 0x0000000703b00000|100%|HC|  |TS  0|AC  0|TAMS 0x0000000703a00000, 0x0000000703a00000|
|  59|0x0000000703b00000, 0x0000000703c00000, 0x0000000703c00000|100%|HC|  |TS  0|AC  0|TAMS 0x0000000703b00000, 0x0000000703b00000|
|  60|0x0000000703c00000, 0x0000000703d00000, 0x0000000703d00000|100%|HC|  |TS  0|AC  0|TAMS 0x0000000703c00000, 0x0000000703c00000|
|  61|0x0000000703d00000, 0x0000000703e00000, 0x0000000703e00000|100%|HC|  |TS  0|AC  0|TAMS 0x0000000703d00000, 0x0000000703d00000|
|  62|0x0000000703e00000, 0x0000000703f00000, 0x0000000703f00000|100%|HC|  |TS  0|AC  0|TAMS 0x0000000703e00000, 0x0000000703e00000|
|  63|0x0000000703f00000, 0x0000000703fffff8, 0x0000000704000000| 99%| O|  |TS  0|AC  0|TAMS 0x0000000703f00000, 0x0000000703f00000|
|  64|0x0000000704000000, 0x00000007040f9100, 0x0000000704100000| 97%| O|  |TS  0|AC  0|TAMS 0x0000000704000000, 0x0000000704000000|
|  65|0x0000000704100000, 0x00000007041fffe8, 0x0000000704200000| 99%| O|  |TS  0|AC  0|TAMS 0x0000000704100000, 0x0000000704100000|
|  66|0x0000000704200000, 0x0000000704300000, 0x0000000704300000|100%| O|  |TS  0|AC  0|TAMS 0x0000000704200000, 0x0000000704200000|
|  67|0x0000000704300000, 0x00000007043fffe8, 0x0000000704400000| 99%| O|  |TS  0|AC  0|TAMS 0x0000000704300000, 0x0000000704300000|
|  68|0x0000000704400000, 0x00000007044ffff8, 0x0000000704500000| 99%| O|  |TS  0|AC  0|TAMS 0x0000000704400000, 0x0000000704400000|
|  69|0x0000000704500000, 0x00000007045fff28, 0x0000000704600000| 99%| O|  |TS  0|AC  0|TAMS 0x0000000704500000, 0x0000000704500000|
|  70|0x0000000704600000, 0x00000007046ffc88, 0x0000000704700000| 99%| O|  |TS  0|AC  0|TAMS 0x0000000704600000, 0x0000000704600000|
|  71|0x0000000704700000, 0x00000007047fffe0, 0x0000000704800000| 99%| O|  |TS  0|AC  0|TAMS 0x0000000704700000, 0x0000000704700000|
|  72|0x0000000704800000, 0x0000000704900000, 0x0000000704900000|100%| O|  |TS  0|AC  0|TAMS 0x0000000704800000, 0x0000000704800000|
|  73|0x0000000704900000, 0x0000000704a00000, 0x0000000704a00000|100%| O|  |TS  0|AC  0|TAMS 0x0000000704900000, 0x0000000704900000|
|  74|0x0000000704a00000, 0x0000000704affff0, 0x0000000704b00000| 99%| O|  |TS  0|AC  0|TAMS 0x0000000704a00000, 0x0000000704a00000|
|  75|0x0000000704b00000, 0x0000000704bfffe8, 0x0000000704c00000| 99%| O|  |TS  0|AC  0|TAMS 0x0000000704b00000, 0x0000000704b00000|
|  76|0x0000000704c00000, 0x0000000704cffff8, 0x0000000704d00000| 99%| O|  |TS  0|AC  0|TAMS 0x0000000704c00000, 0x0000000704c00000|
|  77|0x0000000704d00000, 0x0000000704e00000, 0x0000000704e00000|100%| O|  |TS  0|AC  0|TAMS 0x0000000704d00000, 0x0000000704d00000|
|  78|0x0000000704e00000, 0x0000000704f00000, 0x0000000704f00000|100%| O|  |TS  0|AC  0|TAMS 0x0000000704e00000, 0x0000000704e00000|
|  79|0x0000000704f00000, 0x0000000704fffff0, 0x0000000705000000| 99%| O|  |TS  0|AC  0|TAMS 0x0000000704f00000, 0x0000000704f00000|
|  80|0x0000000705000000, 0x00000007050fffe8, 0x0000000705100000| 99%| O|  |TS  0|AC  0|TAMS 0x0000000705000000, 0x0000000705000000|
|  81|0x0000000705100000, 0x00000007051fe368, 0x0000000705200000| 99%| O|  |TS  0|AC  0|TAMS 0x0000000705100000, 0x0000000705100000|
|  82|0x0000000705200000, 0x00000007052fffe8, 0x0000000705300000| 99%| O|  |TS  0|AC  0|TAMS 0x0000000705200000, 0x0000000705200000|
|  83|0x0000000705300000, 0x0000000705400000, 0x0000000705400000|100%| O|  |TS  0|AC  0|TAMS 0x0000000705300000, 0x0000000705300000|
|  84|0x0000000705400000, 0x00000007054fffe0, 0x0000000705500000| 99%| O|  |TS  0|AC  0|TAMS 0x0000000705400000, 0x0000000705400000|
|  85|0x0000000705500000, 0x00000007055ff290, 0x0000000705600000| 99%| O|  |TS  0|AC  0|TAMS 0x0000000705500000, 0x0000000705500000|
|  86|0x0000000705600000, 0x0000000705700000, 0x0000000705700000|100%| O|  |TS  0|AC  0|TAMS 0x0000000705600000, 0x0000000705600000|
|  87|0x0000000705700000, 0x0000000705800000, 0x0000000705800000|100%| O|  |TS  0|AC  0|TAMS 0x0000000705700000, 0x0000000705700000|
|  88|0x0000000705800000, 0x00000007058ffff8, 0x0000000705900000| 99%| O|  |TS  0|AC  0|TAMS 0x0000000705800000, 0x0000000705800000|
|  89|0x0000000705900000, 0x00000007059ffff0, 0x0000000705a00000| 99%| O|  |TS  0|AC  0|TAMS 0x0000000705900000, 0x0000000705900000|
|  90|0x0000000705a00000, 0x0000000705afffa8, 0x0000000705b00000| 99%| O|  |TS  0|AC  0|TAMS 0x0000000705a00000, 0x0000000705a00000|
|  91|0x0000000705b00000, 0x0000000705bffef0, 0x0000000705c00000| 99%| O|  |TS  0|AC  0|TAMS 0x0000000705b00000, 0x0000000705b00000|
|  92|0x0000000705c00000, 0x0000000705cfffd0, 0x0000000705d00000| 99%| O|  |TS  0|AC  0|TAMS 0x0000000705c00000, 0x0000000705c00000|
|  93|0x0000000705d00000, 0x0000000705e00000, 0x0000000705e00000|100%| O|  |TS  0|AC  0|TAMS 0x0000000705d00000, 0x0000000705d00000|
|  94|0x0000000705e00000, 0x0000000705effee0, 0x0000000705f00000| 99%| O|  |TS  0|AC  0|TAMS 0x0000000705e00000, 0x0000000705e00000|
|  95|0x0000000705f00000, 0x0000000705ffffe0, 0x0000000706000000| 99%| O|  |TS  0|AC  0|TAMS 0x0000000705f00000, 0x0000000705f00000|
|  96|0x0000000706000000, 0x00000007060fffd0, 0x0000000706100000| 99%| O|  |TS  0|AC  0|TAMS 0x0000000706000000, 0x0000000706000000|
|  97|0x0000000706100000, 0x00000007061ffea0, 0x0000000706200000| 99%| O|  |TS  0|AC  0|TAMS 0x0000000706100000, 0x0000000706100000|
|  98|0x0000000706200000, 0x00000007062fffe8, 0x0000000706300000| 99%| O|  |TS  0|AC  0|TAMS 0x0000000706200000, 0x0000000706200000|
|  99|0x0000000706300000, 0x00000007063fffe8, 0x0000000706400000| 99%| O|  |TS  0|AC  0|TAMS 0x0000000706300000, 0x0000000706300000|
| 100|0x0000000706400000, 0x00000007064ffe78, 0x0000000706500000| 99%| O|  |TS  0|AC  0|TAMS 0x0000000706400000, 0x0000000706400000|
| 101|0x0000000706500000, 0x00000007065fff10, 0x0000000706600000| 99%| O|  |TS  0|AC  0|TAMS 0x0000000706500000, 0x0000000706500000|
| 102|0x0000000706600000, 0x0000000706700000, 0x0000000706700000|100%| O|  |TS  0|AC  0|TAMS 0x0000000706600000, 0x0000000706600000|
| 103|0x0000000706700000, 0x0000000706800000, 0x0000000706800000|100%| O|  |TS  0|AC  0|TAMS 0x0000000706700000, 0x0000000706700000|
| 104|0x0000000706800000, 0x0000000706900000, 0x0000000706900000|100%| O|  |TS  0|AC  0|TAMS 0x0000000706800000, 0x0000000706800000|
| 105|0x0000000706900000, 0x00000007069ffec0, 0x0000000706a00000| 99%| O|  |TS  0|AC  0|TAMS 0x0000000706900000, 0x0000000706900000|
| 106|0x0000000706a00000, 0x0000000706b00000, 0x0000000706b00000|100%| O|  |TS  0|AC  0|TAMS 0x0000000706a00000, 0x0000000706a00000|
| 107|0x0000000706b00000, 0x0000000706bffff0, 0x0000000706c00000| 99%| O|  |TS  0|AC  0|TAMS 0x0000000706b00000, 0x0000000706b00000|
| 108|0x0000000706c00000, 0x0000000706cff848, 0x0000000706d00000| 99%| O|  |TS  0|AC  0|TAMS 0x0000000706c00000, 0x0000000706c00000|
| 109|0x0000000706d00000, 0x0000000706dfffe8, 0x0000000706e00000| 99%| O|  |TS  0|AC  0|TAMS 0x0000000706d00000, 0x0000000706d00000|
| 110|0x0000000706e00000, 0x0000000706f00000, 0x0000000706f00000|100%|HS|  |TS  0|AC  0|TAMS 0x0000000706e00000, 0x0000000706e00000|
| 111|0x0000000706f00000, 0x0000000707000000, 0x0000000707000000|100%| O|  |TS  0|AC  0|TAMS 0x0000000706f00000, 0x0000000706f00000|
| 112|0x0000000707000000, 0x0000000707100000, 0x0000000707100000|100%| O|  |TS  0|AC  0|TAMS 0x0000000707000000, 0x0000000707000000|
| 113|0x0000000707100000, 0x0000000707200000, 0x0000000707200000|100%| O|  |TS  0|AC  0|TAMS 0x0000000707100000, 0x0000000707100000|
| 114|0x0000000707200000, 0x00000007072fffd0, 0x0000000707300000| 99%| O|  |TS  0|AC  0|TAMS 0x0000000707200000, 0x0000000707200000|
| 115|0x0000000707300000, 0x00000007073fe3b8, 0x0000000707400000| 99%| O|  |TS  0|AC  0|TAMS 0x0000000707300000, 0x0000000707300000|
| 116|0x0000000707400000, 0x00000007074ffed0, 0x0000000707500000| 99%| O|  |TS  0|AC  0|TAMS 0x0000000707400000, 0x0000000707400000|
| 117|0x0000000707500000, 0x00000007075fffc8, 0x0000000707600000| 99%| O|  |TS  0|AC  0|TAMS 0x0000000707500000, 0x0000000707500000|
| 118|0x0000000707600000, 0x00000007076fff28, 0x0000000707700000| 99%| O|  |TS  0|AC  0|TAMS 0x0000000707600000, 0x0000000707600000|
| 119|0x0000000707700000, 0x0000000707800000, 0x0000000707800000|100%| O|  |TS  0|AC  0|TAMS 0x0000000707700000, 0x0000000707700000|
| 120|0x0000000707800000, 0x0000000707900000, 0x0000000707900000|100%| O|  |TS  0|AC  0|TAMS 0x0000000707800000, 0x0000000707800000|
| 121|0x0000000707900000, 0x00000007079ffee0, 0x0000000707a00000| 99%| O|  |TS  0|AC  0|TAMS 0x0000000707900000, 0x0000000707900000|
| 122|0x0000000707a00000, 0x0000000707afffe0, 0x0000000707b00000| 99%| O|  |TS  0|AC  0|TAMS 0x0000000707a00000, 0x0000000707a00000|
| 123|0x0000000707b00000, 0x0000000707bfffe8, 0x0000000707c00000| 99%| O|  |TS  0|AC  0|TAMS 0x0000000707b00000, 0x0000000707b00000|
| 124|0x0000000707c00000, 0x0000000707d00000, 0x0000000707d00000|100%| O|  |TS  0|AC  0|TAMS 0x0000000707c00000, 0x0000000707c00000|
| 125|0x0000000707d00000, 0x0000000707e00000, 0x0000000707e00000|100%| O|  |TS  0|AC  0|TAMS 0x0000000707d00000, 0x0000000707d00000|
| 126|0x0000000707e00000, 0x0000000707effff0, 0x0000000707f00000| 99%| O|  |TS  0|AC  0|TAMS 0x0000000707e00000, 0x0000000707e00000|
| 127|0x0000000707f00000, 0x0000000707ffffe0, 0x0000000708000000| 99%| O|  |TS  0|AC  0|TAMS 0x0000000707f00000, 0x0000000707f00000|
| 128|0x0000000708000000, 0x00000007080fffe8, 0x0000000708100000| 99%| O|  |TS  0|AC  0|TAMS 0x0000000708000000, 0x0000000708000000|
| 129|0x0000000708100000, 0x0000000708200000, 0x0000000708200000|100%| O|  |TS  0|AC  0|TAMS 0x0000000708100000, 0x0000000708100000|
| 130|0x0000000708200000, 0x00000007082fffe8, 0x0000000708300000| 99%| O|  |TS  0|AC  0|TAMS 0x0000000708200000, 0x0000000708200000|
| 131|0x0000000708300000, 0x0000000708400000, 0x0000000708400000|100%| O|  |TS  0|AC  0|TAMS 0x0000000708300000, 0x0000000708300000|
| 132|0x0000000708400000, 0x00000007084ffff0, 0x0000000708500000| 99%| O|  |TS  0|AC  0|TAMS 0x0000000708400000, 0x0000000708400000|
| 133|0x0000000708500000, 0x00000007085fe340, 0x0000000708600000| 99%| O|  |TS  0|AC  0|TAMS 0x0000000708500000, 0x0000000708500000|
| 134|0x0000000708600000, 0x00000007086fffe8, 0x0000000708700000| 99%| O|  |TS  0|AC  0|TAMS 0x0000000708600000, 0x0000000708600000|
| 135|0x0000000708700000, 0x0000000708800000, 0x0000000708800000|100%| O|  |TS  0|AC  0|TAMS 0x0000000708700000, 0x0000000708700000|
| 136|0x0000000708800000, 0x00000007088b9e28, 0x0000000708900000| 72%| O|  |TS  0|AC  0|TAMS 0x0000000708800000, 0x0000000708800000|
| 137|0x0000000708900000, 0x0000000708900000, 0x0000000708a00000|  0%| F|  |TS  0|AC  0|TAMS 0x0000000708900000, 0x0000000708900000|
| 138|0x0000000708a00000, 0x0000000708b00000, 0x0000000708b00000|100%|HS|  |TS  0|AC  0|TAMS 0x0000000708a00000, 0x0000000708a00000|
| 139|0x0000000708b00000, 0x0000000708c00000, 0x0000000708c00000|100%|HC|  |TS  0|AC  0|TAMS 0x0000000708b00000, 0x0000000708b00000|
| 140|0x0000000708c00000, 0x0000000708d00000, 0x0000000708d00000|100%|HS|  |TS  0|AC  0|TAMS 0x0000000708c00000, 0x0000000708c00000|
| 141|0x0000000708d00000, 0x0000000708e00000, 0x0000000708e00000|100%|HC|  |TS  0|AC  0|TAMS 0x0000000708d00000, 0x0000000708d00000|
| 142|0x0000000708e00000, 0x0000000708e00000, 0x0000000708f00000|  0%| F|  |TS  0|AC  0|TAMS 0x0000000708e00000, 0x0000000708e00000|
| 143|0x0000000708f00000, 0x0000000708f00000, 0x0000000709000000|  0%| F|  |TS  0|AC  0|TAMS 0x0000000708f00000, 0x0000000708f00000|
| 144|0x0000000709000000, 0x0000000709000000, 0x0000000709100000|  0%| F|  |TS  0|AC  0|TAMS 0x0000000709000000, 0x0000000709000000|
| 145|0x0000000709100000, 0x0000000709100000, 0x0000000709200000|  0%| F|  |TS  0|AC  0|TAMS 0x0000000709100000, 0x0000000709100000|
| 146|0x0000000709200000, 0x0000000709200000, 0x0000000709300000|  0%| F|  |TS  0|AC  0|TAMS 0x0000000709200000, 0x0000000709200000|
| 147|0x0000000709300000, 0x0000000709300000, 0x0000000709400000|  0%| F|  |TS  0|AC  0|TAMS 0x0000000709300000, 0x0000000709300000|
| 148|0x0000000709400000, 0x0000000709400000, 0x0000000709500000|  0%| F|  |TS  0|AC  0|TAMS 0x0000000709400000, 0x0000000709400000|
| 149|0x0000000709500000, 0x0000000709500000, 0x0000000709600000|  0%| F|  |TS  0|AC  0|TAMS 0x0000000709500000, 0x0000000709500000|
| 150|0x0000000709600000, 0x0000000709600000, 0x0000000709700000|  0%| F|  |TS  0|AC  0|TAMS 0x0000000709600000, 0x0000000709600000|
| 151|0x0000000709700000, 0x0000000709700000, 0x0000000709800000|  0%| F|  |TS  0|AC  0|TAMS 0x0000000709700000, 0x0000000709700000|
| 152|0x0000000709800000, 0x0000000709800000, 0x0000000709900000|  0%| F|  |TS  0|AC  0|TAMS 0x0000000709800000, 0x0000000709800000|
| 153|0x0000000709900000, 0x0000000709900000, 0x0000000709a00000|  0%| F|  |TS  0|AC  0|TAMS 0x0000000709900000, 0x0000000709900000|
| 154|0x0000000709a00000, 0x0000000709a00000, 0x0000000709b00000|  0%| F|  |TS  0|AC  0|TAMS 0x0000000709a00000, 0x0000000709a00000|
| 155|0x0000000709b00000, 0x0000000709b00000, 0x0000000709c00000|  0%| F|  |TS  0|AC  0|TAMS 0x0000000709b00000, 0x0000000709b00000|
| 156|0x0000000709c00000, 0x0000000709c00000, 0x0000000709d00000|  0%| F|  |TS  0|AC  0|TAMS 0x0000000709c00000, 0x0000000709c00000|
| 157|0x0000000709d00000, 0x0000000709d00000, 0x0000000709e00000|  0%| F|  |TS  0|AC  0|TAMS 0x0000000709d00000, 0x0000000709d00000|
| 158|0x0000000709e00000, 0x0000000709e00000, 0x0000000709f00000|  0%| F|  |TS  0|AC  0|TAMS 0x0000000709e00000, 0x0000000709e00000|
| 159|0x0000000709f00000, 0x0000000709f00000, 0x000000070a000000|  0%| F|  |TS  0|AC  0|TAMS 0x0000000709f00000, 0x0000000709f00000|
| 160|0x000000070a000000, 0x000000070a000000, 0x000000070a100000|  0%| F|  |TS  0|AC  0|TAMS 0x000000070a000000, 0x000000070a000000|
| 161|0x000000070a100000, 0x000000070a100000, 0x000000070a200000|  0%| F|  |TS  0|AC  0|TAMS 0x000000070a100000, 0x000000070a100000|
| 162|0x000000070a200000, 0x000000070a200000, 0x000000070a300000|  0%| F|  |TS  0|AC  0|TAMS 0x000000070a200000, 0x000000070a200000|
| 163|0x000000070a300000, 0x000000070a300000, 0x000000070a400000|  0%| F|  |TS  0|AC  0|TAMS 0x000000070a300000, 0x000000070a300000|
| 164|0x000000070a400000, 0x000000070a400000, 0x000000070a500000|  0%| F|  |TS  0|AC  0|TAMS 0x000000070a400000, 0x000000070a400000|
| 165|0x000000070a500000, 0x000000070a500000, 0x000000070a600000|  0%| F|  |TS  0|AC  0|TAMS 0x000000070a500000, 0x000000070a500000|
| 166|0x000000070a600000, 0x000000070a600000, 0x000000070a700000|  0%| F|  |TS  0|AC  0|TAMS 0x000000070a600000, 0x000000070a600000|
| 167|0x000000070a700000, 0x000000070a700000, 0x000000070a800000|  0%| F|  |TS  0|AC  0|TAMS 0x000000070a700000, 0x000000070a700000|
| 168|0x000000070a800000, 0x000000070a800000, 0x000000070a900000|  0%| F|  |TS  0|AC  0|TAMS 0x000000070a800000, 0x000000070a800000|
| 169|0x000000070a900000, 0x000000070a900000, 0x000000070aa00000|  0%| F|  |TS  0|AC  0|TAMS 0x000000070a900000, 0x000000070a900000|
| 170|0x000000070aa00000, 0x000000070aa00000, 0x000000070ab00000|  0%| F|  |TS  0|AC  0|TAMS 0x000000070aa00000, 0x000000070aa00000|
| 171|0x000000070ab00000, 0x000000070ab00000, 0x000000070ac00000|  0%| F|  |TS  0|AC  0|TAMS 0x000000070ab00000, 0x000000070ab00000|
| 172|0x000000070ac00000, 0x000000070ac00000, 0x000000070ad00000|  0%| F|  |TS  0|AC  0|TAMS 0x000000070ac00000, 0x000000070ac00000|
| 173|0x000000070ad00000, 0x000000070ad00000, 0x000000070ae00000|  0%| F|  |TS  0|AC  0|TAMS 0x000000070ad00000, 0x000000070ad00000|
| 174|0x000000070ae00000, 0x000000070ae00000, 0x000000070af00000|  0%| F|  |TS  0|AC  0|TAMS 0x000000070ae00000, 0x000000070ae00000|
| 175|0x000000070af00000, 0x000000070af00000, 0x000000070b000000|  0%| F|  |TS  0|AC  0|TAMS 0x000000070af00000, 0x000000070af00000|
| 176|0x000000070b000000, 0x000000070b000000, 0x000000070b100000|  0%| F|  |TS  0|AC  0|TAMS 0x000000070b000000, 0x000000070b000000|
| 177|0x000000070b100000, 0x000000070b100000, 0x000000070b200000|  0%| F|  |TS  0|AC  0|TAMS 0x000000070b100000, 0x000000070b100000|
| 178|0x000000070b200000, 0x000000070b200000, 0x000000070b300000|  0%| F|  |TS  0|AC  0|TAMS 0x000000070b200000, 0x000000070b200000|
| 179|0x000000070b300000, 0x000000070b300000, 0x000000070b400000|  0%| F|  |TS  0|AC  0|TAMS 0x000000070b300000, 0x000000070b300000|
| 180|0x000000070b400000, 0x000000070b400000, 0x000000070b500000|  0%| F|  |TS  0|AC  0|TAMS 0x000000070b400000, 0x000000070b400000|
| 181|0x000000070b500000, 0x000000070b500000, 0x000000070b600000|  0%| F|  |TS  0|AC  0|TAMS 0x000000070b500000, 0x000000070b500000|
| 182|0x000000070b600000, 0x000000070b600000, 0x000000070b700000|  0%| F|  |TS  0|AC  0|TAMS 0x000000070b600000, 0x000000070b600000|
| 183|0x000000070b700000, 0x000000070b700000, 0x000000070b800000|  0%| F|  |TS  0|AC  0|TAMS 0x000000070b700000, 0x000000070b700000|
| 184|0x000000070b800000, 0x000000070b800000, 0x000000070b900000|  0%| F|  |TS  0|AC  0|TAMS 0x000000070b800000, 0x000000070b800000|
| 185|0x000000070b900000, 0x000000070b900000, 0x000000070ba00000|  0%| F|  |TS  0|AC  0|TAMS 0x000000070b900000, 0x000000070b900000|
| 186|0x000000070ba00000, 0x000000070ba00000, 0x000000070bb00000|  0%| F|  |TS  0|AC  0|TAMS 0x000000070ba00000, 0x000000070ba00000|
| 187|0x000000070bb00000, 0x000000070bb00000, 0x000000070bc00000|  0%| F|  |TS  0|AC  0|TAMS 0x000000070bb00000, 0x000000070bb00000|
| 188|0x000000070bc00000, 0x000000070bc00000, 0x000000070bd00000|  0%| F|  |TS  0|AC  0|TAMS 0x000000070bc00000, 0x000000070bc00000|
| 189|0x000000070bd00000, 0x000000070bd00000, 0x000000070be00000|  0%| F|  |TS  0|AC  0|TAMS 0x000000070bd00000, 0x000000070bd00000|
| 190|0x000000070be00000, 0x000000070be00000, 0x000000070bf00000|  0%| F|  |TS  0|AC  0|TAMS 0x000000070be00000, 0x000000070be00000|
| 191|0x000000070bf00000, 0x000000070bf00000, 0x000000070c000000|  0%| F|  |TS  0|AC  0|TAMS 0x000000070bf00000, 0x000000070bf00000|
| 192|0x000000070c000000, 0x000000070c000000, 0x000000070c100000|  0%| F|  |TS  0|AC  0|TAMS 0x000000070c000000, 0x000000070c000000|
| 193|0x000000070c100000, 0x000000070c100000, 0x000000070c200000|  0%| F|  |TS  0|AC  0|TAMS 0x000000070c100000, 0x000000070c100000|
| 194|0x000000070c200000, 0x000000070c200000, 0x000000070c300000|  0%| F|  |TS  0|AC  0|TAMS 0x000000070c200000, 0x000000070c200000|
| 195|0x000000070c300000, 0x000000070c300000, 0x000000070c400000|  0%| F|  |TS  0|AC  0|TAMS 0x000000070c300000, 0x000000070c300000|
| 196|0x000000070c400000, 0x000000070c400000, 0x000000070c500000|  0%| F|  |TS  0|AC  0|TAMS 0x000000070c400000, 0x000000070c400000|
| 197|0x000000070c500000, 0x000000070c500000, 0x000000070c600000|  0%| F|  |TS  0|AC  0|TAMS 0x000000070c500000, 0x000000070c500000|
| 198|0x000000070c600000, 0x000000070c600000, 0x000000070c700000|  0%| F|  |TS  0|AC  0|TAMS 0x000000070c600000, 0x000000070c600000|
| 199|0x000000070c700000, 0x000000070c700000, 0x000000070c800000|  0%| F|  |TS  0|AC  0|TAMS 0x000000070c700000, 0x000000070c700000|
| 200|0x000000070c800000, 0x000000070c800000, 0x000000070c900000|  0%| F|  |TS  0|AC  0|TAMS 0x000000070c800000, 0x000000070c800000|
| 201|0x000000070c900000, 0x000000070c900000, 0x000000070ca00000|  0%| F|  |TS  0|AC  0|TAMS 0x000000070c900000, 0x000000070c900000|
| 202|0x000000070ca00000, 0x000000070ca00000, 0x000000070cb00000|  0%| F|  |TS  0|AC  0|TAMS 0x000000070ca00000, 0x000000070ca00000|
| 203|0x000000070cb00000, 0x000000070cb00000, 0x000000070cc00000|  0%| F|  |TS  0|AC  0|TAMS 0x000000070cb00000, 0x000000070cb00000|
| 204|0x000000070cc00000, 0x000000070cc00000, 0x000000070cd00000|  0%| F|  |TS  0|AC  0|TAMS 0x000000070cc00000, 0x000000070cc00000|
| 205|0x000000070cd00000, 0x000000070cd00000, 0x000000070ce00000|  0%| F|  |TS  0|AC  0|TAMS 0x000000070cd00000, 0x000000070cd00000|
| 206|0x000000070ce00000, 0x000000070ce00000, 0x000000070cf00000|  0%| F|  |TS  0|AC  0|TAMS 0x000000070ce00000, 0x000000070ce00000|
| 207|0x000000070cf00000, 0x000000070cf00000, 0x000000070d000000|  0%| F|  |TS  0|AC  0|TAMS 0x000000070cf00000, 0x000000070cf00000|
| 208|0x000000070d000000, 0x000000070d000000, 0x000000070d100000|  0%| F|  |TS  0|AC  0|TAMS 0x000000070d000000, 0x000000070d000000|
| 209|0x000000070d100000, 0x000000070d100000, 0x000000070d200000|  0%| F|  |TS  0|AC  0|TAMS 0x000000070d100000, 0x000000070d100000|
| 210|0x000000070d200000, 0x000000070d200000, 0x000000070d300000|  0%| F|  |TS  0|AC  0|TAMS 0x000000070d200000, 0x000000070d200000|
| 211|0x000000070d300000, 0x000000070d300000, 0x000000070d400000|  0%| F|  |TS  0|AC  0|TAMS 0x000000070d300000, 0x000000070d300000|
| 212|0x000000070d400000, 0x000000070d400000, 0x000000070d500000|  0%| F|  |TS  0|AC  0|TAMS 0x000000070d400000, 0x000000070d400000|
| 213|0x000000070d500000, 0x000000070d500000, 0x000000070d600000|  0%| F|  |TS  0|AC  0|TAMS 0x000000070d500000, 0x000000070d500000|
| 214|0x000000070d600000, 0x000000070d600000, 0x000000070d700000|  0%| F|  |TS  0|AC  0|TAMS 0x000000070d600000, 0x000000070d600000|
| 215|0x000000070d700000, 0x000000070d700000, 0x000000070d800000|  0%| F|  |TS  0|AC  0|TAMS 0x000000070d700000, 0x000000070d700000|
| 216|0x000000070d800000, 0x000000070d800000, 0x000000070d900000|  0%| F|  |TS  0|AC  0|TAMS 0x000000070d800000, 0x000000070d800000|
| 217|0x000000070d900000, 0x000000070d900000, 0x000000070da00000|  0%| F|  |TS  0|AC  0|TAMS 0x000000070d900000, 0x000000070d900000|
| 218|0x000000070da00000, 0x000000070da00000, 0x000000070db00000|  0%| F|  |TS  0|AC  0|TAMS 0x000000070da00000, 0x000000070da00000|
| 219|0x000000070db00000, 0x000000070db00000, 0x000000070dc00000|  0%| F|  |TS  0|AC  0|TAMS 0x000000070db00000, 0x000000070db00000|
| 220|0x000000070dc00000, 0x000000070dc00000, 0x000000070dd00000|  0%| F|  |TS  0|AC  0|TAMS 0x000000070dc00000, 0x000000070dc00000|
| 221|0x000000070dd00000, 0x000000070dd00000, 0x000000070de00000|  0%| F|  |TS  0|AC  0|TAMS 0x000000070dd00000, 0x000000070dd00000|
| 222|0x000000070de00000, 0x000000070de00000, 0x000000070df00000|  0%| F|  |TS  0|AC  0|TAMS 0x000000070de00000, 0x000000070de00000|
| 223|0x000000070df00000, 0x000000070df00000, 0x000000070e000000|  0%| F|  |TS  0|AC  0|TAMS 0x000000070df00000, 0x000000070df00000|
| 224|0x000000070e000000, 0x000000070e000000, 0x000000070e100000|  0%| F|  |TS  0|AC  0|TAMS 0x000000070e000000, 0x000000070e000000|
| 225|0x000000070e100000, 0x000000070e100000, 0x000000070e200000|  0%| F|  |TS  0|AC  0|TAMS 0x000000070e100000, 0x000000070e100000|
| 226|0x000000070e200000, 0x000000070e200000, 0x000000070e300000|  0%| F|  |TS  0|AC  0|TAMS 0x000000070e200000, 0x000000070e200000|
| 227|0x000000070e300000, 0x000000070e300000, 0x000000070e400000|  0%| F|  |TS  0|AC  0|TAMS 0x000000070e300000, 0x000000070e300000|
| 228|0x000000070e400000, 0x000000070e400000, 0x000000070e500000|  0%| F|  |TS  0|AC  0|TAMS 0x000000070e400000, 0x000000070e400000|
| 229|0x000000070e500000, 0x000000070e500000, 0x000000070e600000|  0%| F|  |TS  0|AC  0|TAMS 0x000000070e500000, 0x000000070e500000|
| 230|0x000000070e600000, 0x000000070e600000, 0x000000070e700000|  0%| F|  |TS  0|AC  0|TAMS 0x000000070e600000, 0x000000070e600000|
| 231|0x000000070e700000, 0x000000070e700000, 0x000000070e800000|  0%| F|  |TS  0|AC  0|TAMS 0x000000070e700000, 0x000000070e700000|
| 232|0x000000070e800000, 0x000000070e800000, 0x000000070e900000|  0%| F|  |TS  0|AC  0|TAMS 0x000000070e800000, 0x000000070e800000|
| 233|0x000000070e900000, 0x000000070e900000, 0x000000070ea00000|  0%| F|  |TS  0|AC  0|TAMS 0x000000070e900000, 0x000000070e900000|
| 234|0x000000070ea00000, 0x000000070ea00000, 0x000000070eb00000|  0%| F|  |TS  0|AC  0|TAMS 0x000000070ea00000, 0x000000070ea00000|
| 235|0x000000070eb00000, 0x000000070eb00000, 0x000000070ec00000|  0%| F|  |TS  0|AC  0|TAMS 0x000000070eb00000, 0x000000070eb00000|
| 236|0x000000070ec00000, 0x000000070ec00000, 0x000000070ed00000|  0%| F|  |TS  0|AC  0|TAMS 0x000000070ec00000, 0x000000070ec00000|
| 237|0x000000070ed00000, 0x000000070ed00000, 0x000000070ee00000|  0%| F|  |TS  0|AC  0|TAMS 0x000000070ed00000, 0x000000070ed00000|
| 238|0x000000070ee00000, 0x000000070ee00000, 0x000000070ef00000|  0%| F|  |TS  0|AC  0|TAMS 0x000000070ee00000, 0x000000070ee00000|
| 239|0x000000070ef00000, 0x000000070ef00000, 0x000000070f000000|  0%| F|  |TS  0|AC  0|TAMS 0x000000070ef00000, 0x000000070ef00000|
| 240|0x000000070f000000, 0x000000070f000000, 0x000000070f100000|  0%| F|  |TS  0|AC  0|TAMS 0x000000070f000000, 0x000000070f000000|
| 241|0x000000070f100000, 0x000000070f100000, 0x000000070f200000|  0%| F|  |TS  0|AC  0|TAMS 0x000000070f100000, 0x000000070f100000|
| 242|0x000000070f200000, 0x000000070f200000, 0x000000070f300000|  0%| F|  |TS  0|AC  0|TAMS 0x000000070f200000, 0x000000070f200000|
| 243|0x000000070f300000, 0x000000070f300000, 0x000000070f400000|  0%| F|  |TS  0|AC  0|TAMS 0x000000070f300000, 0x000000070f300000|
| 244|0x000000070f400000, 0x000000070f400000, 0x000000070f500000|  0%| F|  |TS  0|AC  0|TAMS 0x000000070f400000, 0x000000070f400000|
| 245|0x000000070f500000, 0x000000070f500000, 0x000000070f600000|  0%| F|  |TS  0|AC  0|TAMS 0x000000070f500000, 0x000000070f500000|
| 246|0x000000070f600000, 0x000000070f600000, 0x000000070f700000|  0%| F|  |TS  0|AC  0|TAMS 0x000000070f600000, 0x000000070f600000|
| 247|0x000000070f700000, 0x000000070f700000, 0x000000070f800000|  0%| F|  |TS  0|AC  0|TAMS 0x000000070f700000, 0x000000070f700000|
| 248|0x000000070f800000, 0x000000070f800000, 0x000000070f900000|  0%| F|  |TS  0|AC  0|TAMS 0x000000070f800000, 0x000000070f800000|
| 249|0x000000070f900000, 0x000000070f900000, 0x000000070fa00000|  0%| F|  |TS  0|AC  0|TAMS 0x000000070f900000, 0x000000070f900000|
| 250|0x000000070fa00000, 0x000000070fa00000, 0x000000070fb00000|  0%| F|  |TS  0|AC  0|TAMS 0x000000070fa00000, 0x000000070fa00000|
| 251|0x000000070fb00000, 0x000000070fb00000, 0x000000070fc00000|  0%| F|  |TS  0|AC  0|TAMS 0x000000070fb00000, 0x000000070fb00000|
| 252|0x000000070fc00000, 0x000000070fc00000, 0x000000070fd00000|  0%| F|  |TS  0|AC  0|TAMS 0x000000070fc00000, 0x000000070fc00000|
| 253|0x000000070fd00000, 0x000000070fd00000, 0x000000070fe00000|  0%| F|  |TS  0|AC  0|TAMS 0x000000070fd00000, 0x000000070fd00000|
| 254|0x000000070fe00000, 0x000000070fe00000, 0x000000070ff00000|  0%| F|  |TS  0|AC  0|TAMS 0x000000070fe00000, 0x000000070fe00000|
| 255|0x000000070ff00000, 0x000000070ff00000, 0x0000000710000000|  0%| F|  |TS  0|AC  0|TAMS 0x000000070ff00000, 0x000000070ff00000|
| 256|0x0000000710000000, 0x0000000710000000, 0x0000000710100000|  0%| F|  |TS  0|AC  0|TAMS 0x0000000710000000, 0x0000000710000000|
| 257|0x0000000710100000, 0x0000000710100000, 0x0000000710200000|  0%| F|  |TS  0|AC  0|TAMS 0x0000000710100000, 0x0000000710100000|
| 258|0x0000000710200000, 0x0000000710200000, 0x0000000710300000|  0%| F|  |TS  0|AC  0|TAMS 0x0000000710200000, 0x0000000710200000|
| 259|0x0000000710300000, 0x0000000710300000, 0x0000000710400000|  0%| F|  |TS  0|AC  0|TAMS 0x0000000710300000, 0x0000000710300000|
| 260|0x0000000710400000, 0x0000000710400000, 0x0000000710500000|  0%| F|  |TS  0|AC  0|TAMS 0x0000000710400000, 0x0000000710400000|
| 261|0x0000000710500000, 0x0000000710500000, 0x0000000710600000|  0%| F|  |TS  0|AC  0|TAMS 0x0000000710500000, 0x0000000710500000|
| 262|0x0000000710600000, 0x0000000710600000, 0x0000000710700000|  0%| F|  |TS  0|AC  0|TAMS 0x0000000710600000, 0x0000000710600000|
| 263|0x0000000710700000, 0x0000000710700000, 0x0000000710800000|  0%| F|  |TS  0|AC  0|TAMS 0x0000000710700000, 0x0000000710700000|
| 264|0x0000000710800000, 0x0000000710800000, 0x0000000710900000|  0%| F|  |TS  0|AC  0|TAMS 0x0000000710800000, 0x0000000710800000|
| 265|0x0000000710900000, 0x0000000710900000, 0x0000000710a00000|  0%| F|  |TS  0|AC  0|TAMS 0x0000000710900000, 0x0000000710900000|
| 266|0x0000000710a00000, 0x0000000710a00000, 0x0000000710b00000|  0%| F|  |TS  0|AC  0|TAMS 0x0000000710a00000, 0x0000000710a00000|
| 267|0x0000000710b00000, 0x0000000710b00000, 0x0000000710c00000|  0%| F|  |TS  0|AC  0|TAMS 0x0000000710b00000, 0x0000000710b00000|
| 268|0x0000000710c00000, 0x0000000710c00000, 0x0000000710d00000|  0%| F|  |TS  0|AC  0|TAMS 0x0000000710c00000, 0x0000000710c00000|
| 269|0x0000000710d00000, 0x0000000710d00000, 0x0000000710e00000|  0%| F|  |TS  0|AC  0|TAMS 0x0000000710d00000, 0x0000000710d00000|
| 270|0x0000000710e00000, 0x0000000710e00000, 0x0000000710f00000|  0%| F|  |TS  0|AC  0|TAMS 0x0000000710e00000, 0x0000000710e00000|
| 271|0x0000000710f00000, 0x0000000710f00000, 0x0000000711000000|  0%| F|  |TS  0|AC  0|TAMS 0x0000000710f00000, 0x0000000710f00000|
| 272|0x0000000711000000, 0x0000000711000000, 0x0000000711100000|  0%| F|  |TS  0|AC  0|TAMS 0x0000000711000000, 0x0000000711000000|
| 273|0x0000000711100000, 0x0000000711100000, 0x0000000711200000|  0%| F|  |TS  0|AC  0|TAMS 0x0000000711100000, 0x0000000711100000|
| 274|0x0000000711200000, 0x0000000711200000, 0x0000000711300000|  0%| F|  |TS  0|AC  0|TAMS 0x0000000711200000, 0x0000000711200000|
| 275|0x0000000711300000, 0x0000000711300000, 0x0000000711400000|  0%| F|  |TS  0|AC  0|TAMS 0x0000000711300000, 0x0000000711300000|
| 276|0x0000000711400000, 0x0000000711400000, 0x0000000711500000|  0%| F|  |TS  0|AC  0|TAMS 0x0000000711400000, 0x0000000711400000|
| 277|0x0000000711500000, 0x0000000711500000, 0x0000000711600000|  0%| F|  |TS  0|AC  0|TAMS 0x0000000711500000, 0x0000000711500000|
| 278|0x0000000711600000, 0x0000000711600000, 0x0000000711700000|  0%| F|  |TS  0|AC  0|TAMS 0x0000000711600000, 0x0000000711600000|
| 279|0x0000000711700000, 0x0000000711700000, 0x0000000711800000|  0%| F|  |TS  0|AC  0|TAMS 0x0000000711700000, 0x0000000711700000|
| 280|0x0000000711800000, 0x0000000711800000, 0x0000000711900000|  0%| F|  |TS  0|AC  0|TAMS 0x0000000711800000, 0x0000000711800000|
| 281|0x0000000711900000, 0x0000000711900000, 0x0000000711a00000|  0%| F|  |TS  0|AC  0|TAMS 0x0000000711900000, 0x0000000711900000|
| 282|0x0000000711a00000, 0x0000000711a00000, 0x0000000711b00000|  0%| F|  |TS  0|AC  0|TAMS 0x0000000711a00000, 0x0000000711a00000|
| 283|0x0000000711b00000, 0x0000000711b00000, 0x0000000711c00000|  0%| F|  |TS  0|AC  0|TAMS 0x0000000711b00000, 0x0000000711b00000|
| 284|0x0000000711c00000, 0x0000000711c00000, 0x0000000711d00000|  0%| F|  |TS  0|AC  0|TAMS 0x0000000711c00000, 0x0000000711c00000|
| 285|0x0000000711d00000, 0x0000000711d00000, 0x0000000711e00000|  0%| F|  |TS  0|AC  0|TAMS 0x0000000711d00000, 0x0000000711d00000|
| 286|0x0000000711e00000, 0x0000000711e00000, 0x0000000711f00000|  0%| F|  |TS  0|AC  0|TAMS 0x0000000711e00000, 0x0000000711e00000|
| 287|0x0000000711f00000, 0x0000000711f00000, 0x0000000712000000|  0%| F|  |TS  0|AC  0|TAMS 0x0000000711f00000, 0x0000000711f00000|
| 288|0x0000000712000000, 0x0000000712000000, 0x0000000712100000|  0%| F|  |TS  0|AC  0|TAMS 0x0000000712000000, 0x0000000712000000|
| 289|0x0000000712100000, 0x0000000712100000, 0x0000000712200000|  0%| F|  |TS  0|AC  0|TAMS 0x0000000712100000, 0x0000000712100000|
| 290|0x0000000712200000, 0x0000000712200000, 0x0000000712300000|  0%| F|  |TS  0|AC  0|TAMS 0x0000000712200000, 0x0000000712200000|
| 291|0x0000000712300000, 0x0000000712300000, 0x0000000712400000|  0%| F|  |TS  0|AC  0|TAMS 0x0000000712300000, 0x0000000712300000|
| 292|0x0000000712400000, 0x0000000712400000, 0x0000000712500000|  0%| F|  |TS  0|AC  0|TAMS 0x0000000712400000, 0x0000000712400000|
| 293|0x0000000712500000, 0x0000000712500000, 0x0000000712600000|  0%| F|  |TS  0|AC  0|TAMS 0x0000000712500000, 0x0000000712500000|
| 294|0x0000000712600000, 0x0000000712600000, 0x0000000712700000|  0%| F|  |TS  0|AC  0|TAMS 0x0000000712600000, 0x0000000712600000|
| 295|0x0000000712700000, 0x0000000712700000, 0x0000000712800000|  0%| F|  |TS  0|AC  0|TAMS 0x0000000712700000, 0x0000000712700000|
| 296|0x0000000712800000, 0x0000000712800000, 0x0000000712900000|  0%| F|  |TS  0|AC  0|TAMS 0x0000000712800000, 0x0000000712800000|
| 297|0x0000000712900000, 0x0000000712900000, 0x0000000712a00000|  0%| F|  |TS  0|AC  0|TAMS 0x0000000712900000, 0x0000000712900000|
| 298|0x0000000712a00000, 0x0000000712a00000, 0x0000000712b00000|  0%| F|  |TS  0|AC  0|TAMS 0x0000000712a00000, 0x0000000712a00000|
| 299|0x0000000712b00000, 0x0000000712b00000, 0x0000000712c00000|  0%| F|  |TS  0|AC  0|TAMS 0x0000000712b00000, 0x0000000712b00000|
| 300|0x0000000712c00000, 0x0000000712c00000, 0x0000000712d00000|  0%| F|  |TS  0|AC  0|TAMS 0x0000000712c00000, 0x0000000712c00000|
| 301|0x0000000712d00000, 0x0000000712d00000, 0x0000000712e00000|  0%| F|  |TS  0|AC  0|TAMS 0x0000000712d00000, 0x0000000712d00000|
| 302|0x0000000712e00000, 0x0000000712e00000, 0x0000000712f00000|  0%| F|  |TS  0|AC  0|TAMS 0x0000000712e00000, 0x0000000712e00000|
| 303|0x0000000712f00000, 0x0000000712f00000, 0x0000000713000000|  0%| F|  |TS  0|AC  0|TAMS 0x0000000712f00000, 0x0000000712f00000|
| 304|0x0000000713000000, 0x0000000713000000, 0x0000000713100000|  0%| F|  |TS  0|AC  0|TAMS 0x0000000713000000, 0x0000000713000000|
| 305|0x0000000713100000, 0x0000000713100000, 0x0000000713200000|  0%| F|  |TS  0|AC  0|TAMS 0x0000000713100000, 0x0000000713100000|
| 306|0x0000000713200000, 0x0000000713200000, 0x0000000713300000|  0%| F|  |TS  0|AC  0|TAMS 0x0000000713200000, 0x0000000713200000|
| 307|0x0000000713300000, 0x0000000713300000, 0x0000000713400000|  0%| F|  |TS  0|AC  0|TAMS 0x0000000713300000, 0x0000000713300000|
| 308|0x0000000713400000, 0x0000000713400000, 0x0000000713500000|  0%| F|  |TS  0|AC  0|TAMS 0x0000000713400000, 0x0000000713400000|
| 309|0x0000000713500000, 0x0000000713500000, 0x0000000713600000|  0%| F|  |TS  0|AC  0|TAMS 0x0000000713500000, 0x0000000713500000|
| 310|0x0000000713600000, 0x0000000713600000, 0x0000000713700000|  0%| F|  |TS  0|AC  0|TAMS 0x0000000713600000, 0x0000000713600000|
| 311|0x0000000713700000, 0x0000000713700000, 0x0000000713800000|  0%| F|  |TS  0|AC  0|TAMS 0x0000000713700000, 0x0000000713700000|
| 312|0x0000000713800000, 0x0000000713800000, 0x0000000713900000|  0%| F|  |TS  0|AC  0|TAMS 0x0000000713800000, 0x0000000713800000|
| 313|0x0000000713900000, 0x0000000713900000, 0x0000000713a00000|  0%| F|  |TS  0|AC  0|TAMS 0x0000000713900000, 0x0000000713900000|
| 314|0x0000000713a00000, 0x0000000713a00000, 0x0000000713b00000|  0%| F|  |TS  0|AC  0|TAMS 0x0000000713a00000, 0x0000000713a00000|
| 315|0x0000000713b00000, 0x0000000713b00000, 0x0000000713c00000|  0%| F|  |TS  0|AC  0|TAMS 0x0000000713b00000, 0x0000000713b00000|
| 316|0x0000000713c00000, 0x0000000713c00000, 0x0000000713d00000|  0%| F|  |TS  0|AC  0|TAMS 0x0000000713c00000, 0x0000000713c00000|
| 317|0x0000000713d00000, 0x0000000713d00000, 0x0000000713e00000|  0%| F|  |TS  0|AC  0|TAMS 0x0000000713d00000, 0x0000000713d00000|
| 318|0x0000000713e00000, 0x0000000713e00000, 0x0000000713f00000|  0%| F|  |TS  0|AC  0|TAMS 0x0000000713e00000, 0x0000000713e00000|
| 319|0x0000000713f00000, 0x0000000713f00000, 0x0000000714000000|  0%| F|  |TS  3|AC  0|TAMS 0x0000000713f00000, 0x0000000713f00000|
| 320|0x0000000714000000, 0x00000007140761e8, 0x0000000714100000| 46%| S|CS|TS  3|AC  0|TAMS 0x0000000714000000, 0x0000000714000000|
| 321|0x0000000714100000, 0x0000000714100000, 0x0000000714200000|  0%| F|  |TS  3|AC  0|TAMS 0x0000000714100000, 0x0000000714100000|
| 322|0x0000000714200000, 0x0000000714200000, 0x0000000714300000|  0%| F|  |TS  3|AC  0|TAMS 0x0000000714200000, 0x0000000714200000|
| 323|0x0000000714300000, 0x0000000714300000, 0x0000000714400000|  0%| F|  |TS  3|AC  0|TAMS 0x0000000714300000, 0x0000000714300000|
| 324|0x0000000714400000, 0x0000000714400000, 0x0000000714500000|  0%| F|  |TS  3|AC  0|TAMS 0x0000000714400000, 0x0000000714400000|
| 325|0x0000000714500000, 0x0000000714500000, 0x0000000714600000|  0%| F|  |TS  3|AC  0|TAMS 0x0000000714500000, 0x0000000714500000|
| 326|0x0000000714600000, 0x0000000714600000, 0x0000000714700000|  0%| F|  |TS  3|AC  0|TAMS 0x0000000714600000, 0x0000000714600000|
| 327|0x0000000714700000, 0x0000000714700000, 0x0000000714800000|  0%| F|  |TS  3|AC  0|TAMS 0x0000000714700000, 0x0000000714700000|
| 328|0x0000000714800000, 0x0000000714800000, 0x0000000714900000|  0%| F|  |TS  3|AC  0|TAMS 0x0000000714800000, 0x0000000714800000|
| 329|0x0000000714900000, 0x0000000714900000, 0x0000000714a00000|  0%| F|  |TS  3|AC  0|TAMS 0x0000000714900000, 0x0000000714900000|
| 330|0x0000000714a00000, 0x0000000714a00000, 0x0000000714b00000|  0%| F|  |TS  3|AC  0|TAMS 0x0000000714a00000, 0x0000000714a00000|
| 331|0x0000000714b00000, 0x0000000714b00000, 0x0000000714c00000|  0%| F|  |TS  3|AC  0|TAMS 0x0000000714b00000, 0x0000000714b00000|
| 332|0x0000000714c00000, 0x0000000714c00000, 0x0000000714d00000|  0%| F|  |TS  3|AC  0|TAMS 0x0000000714c00000, 0x0000000714c00000|
| 333|0x0000000714d00000, 0x0000000714d00000, 0x0000000714e00000|  0%| F|  |TS  3|AC  0|TAMS 0x0000000714d00000, 0x0000000714d00000|
| 334|0x0000000714e00000, 0x0000000714e00000, 0x0000000714f00000|  0%| F|  |TS  3|AC  0|TAMS 0x0000000714e00000, 0x0000000714e00000|
| 335|0x0000000714f00000, 0x0000000714f00000, 0x0000000715000000|  0%| F|  |TS  3|AC  0|TAMS 0x0000000714f00000, 0x0000000714f00000|
| 336|0x0000000715000000, 0x0000000715000000, 0x0000000715100000|  0%| F|  |TS  3|AC  0|TAMS 0x0000000715000000, 0x0000000715000000|
| 337|0x0000000715100000, 0x0000000715100000, 0x0000000715200000|  0%| F|  |TS  3|AC  0|TAMS 0x0000000715100000, 0x0000000715100000|
| 338|0x0000000715200000, 0x0000000715200000, 0x0000000715300000|  0%| F|  |TS  3|AC  0|TAMS 0x0000000715200000, 0x0000000715200000|
| 339|0x0000000715300000, 0x0000000715300000, 0x0000000715400000|  0%| F|  |TS  3|AC  0|TAMS 0x0000000715300000, 0x0000000715300000|
| 340|0x0000000715400000, 0x0000000715400000, 0x0000000715500000|  0%| F|  |TS  3|AC  0|TAMS 0x0000000715400000, 0x0000000715400000|
| 341|0x0000000715500000, 0x0000000715500000, 0x0000000715600000|  0%| F|  |TS  3|AC  0|TAMS 0x0000000715500000, 0x0000000715500000|
| 342|0x0000000715600000, 0x0000000715600000, 0x0000000715700000|  0%| F|  |TS  3|AC  0|TAMS 0x0000000715600000, 0x0000000715600000|
| 343|0x0000000715700000, 0x0000000715700000, 0x0000000715800000|  0%| F|  |TS  3|AC  0|TAMS 0x0000000715700000, 0x0000000715700000|
| 344|0x0000000715800000, 0x0000000715800000, 0x0000000715900000|  0%| F|  |TS  3|AC  0|TAMS 0x0000000715800000, 0x0000000715800000|
| 345|0x0000000715900000, 0x0000000715900000, 0x0000000715a00000|  0%| F|  |TS  3|AC  0|TAMS 0x0000000715900000, 0x0000000715900000|
| 346|0x0000000715a00000, 0x0000000715a00000, 0x0000000715b00000|  0%| F|  |TS  3|AC  0|TAMS 0x0000000715a00000, 0x0000000715a00000|
| 347|0x0000000715b00000, 0x0000000715b00000, 0x0000000715c00000|  0%| F|  |TS  3|AC  0|TAMS 0x0000000715b00000, 0x0000000715b00000|
| 348|0x0000000715c00000, 0x0000000715c00000, 0x0000000715d00000|  0%| F|  |TS  3|AC  0|TAMS 0x0000000715c00000, 0x0000000715c00000|
| 349|0x0000000715d00000, 0x0000000715d00000, 0x0000000715e00000|  0%| F|  |TS  3|AC  0|TAMS 0x0000000715d00000, 0x0000000715d00000|
| 350|0x0000000715e00000, 0x0000000715e00000, 0x0000000715f00000|  0%| F|  |TS  3|AC  0|TAMS 0x0000000715e00000, 0x0000000715e00000|
| 351|0x0000000715f00000, 0x0000000715f00000, 0x0000000716000000|  0%| F|  |TS  3|AC  0|TAMS 0x0000000715f00000, 0x0000000715f00000|
| 352|0x0000000716000000, 0x0000000716000000, 0x0000000716100000|  0%| F|  |TS  3|AC  0|TAMS 0x0000000716000000, 0x0000000716000000|
| 353|0x0000000716100000, 0x0000000716100000, 0x0000000716200000|  0%| F|  |TS  3|AC  0|TAMS 0x0000000716100000, 0x0000000716100000|
| 354|0x0000000716200000, 0x0000000716200000, 0x0000000716300000|  0%| F|  |TS  3|AC  0|TAMS 0x0000000716200000, 0x0000000716200000|
| 355|0x0000000716300000, 0x0000000716300000, 0x0000000716400000|  0%| F|  |TS  3|AC  0|TAMS 0x0000000716300000, 0x0000000716300000|
| 356|0x0000000716400000, 0x0000000716400000, 0x0000000716500000|  0%| F|  |TS  3|AC  0|TAMS 0x0000000716400000, 0x0000000716400000|
| 357|0x0000000716500000, 0x0000000716500000, 0x0000000716600000|  0%| F|  |TS  3|AC  0|TAMS 0x0000000716500000, 0x0000000716500000|
| 358|0x0000000716600000, 0x0000000716600000, 0x0000000716700000|  0%| F|  |TS  3|AC  0|TAMS 0x0000000716600000, 0x0000000716600000|
| 359|0x0000000716700000, 0x0000000716700000, 0x0000000716800000|  0%| F|  |TS  3|AC  0|TAMS 0x0000000716700000, 0x0000000716700000|
| 360|0x0000000716800000, 0x0000000716800000, 0x0000000716900000|  0%| F|  |TS  3|AC  0|TAMS 0x0000000716800000, 0x0000000716800000|
| 361|0x0000000716900000, 0x0000000716900000, 0x0000000716a00000|  0%| F|  |TS  3|AC  0|TAMS 0x0000000716900000, 0x0000000716900000|
| 362|0x0000000716a00000, 0x0000000716a00000, 0x0000000716b00000|  0%| F|  |TS  3|AC  0|TAMS 0x0000000716a00000, 0x0000000716a00000|
| 363|0x0000000716b00000, 0x0000000716b00000, 0x0000000716c00000|  0%| F|  |TS  3|AC  0|TAMS 0x0000000716b00000, 0x0000000716b00000|
| 364|0x0000000716c00000, 0x0000000716c00000, 0x0000000716d00000|  0%| F|  |TS  3|AC  0|TAMS 0x0000000716c00000, 0x0000000716c00000|
| 365|0x0000000716d00000, 0x0000000716d00000, 0x0000000716e00000|  0%| F|  |TS  3|AC  0|TAMS 0x0000000716d00000, 0x0000000716d00000|
| 366|0x0000000716e00000, 0x0000000716e00000, 0x0000000716f00000|  0%| F|  |TS  3|AC  0|TAMS 0x0000000716e00000, 0x0000000716e00000|
| 367|0x0000000716f00000, 0x0000000716f00000, 0x0000000717000000|  0%| F|  |TS  3|AC  0|TAMS 0x0000000716f00000, 0x0000000716f00000|
| 368|0x0000000717000000, 0x0000000717000000, 0x0000000717100000|  0%| F|  |TS  3|AC  0|TAMS 0x0000000717000000, 0x0000000717000000|
| 369|0x0000000717100000, 0x0000000717100000, 0x0000000717200000|  0%| F|  |TS  3|AC  0|TAMS 0x0000000717100000, 0x0000000717100000|
| 370|0x0000000717200000, 0x0000000717200000, 0x0000000717300000|  0%| F|  |TS  3|AC  0|TAMS 0x0000000717200000, 0x0000000717200000|
| 371|0x0000000717300000, 0x0000000717300000, 0x0000000717400000|  0%| F|  |TS  3|AC  0|TAMS 0x0000000717300000, 0x0000000717300000|
| 372|0x0000000717400000, 0x0000000717400000, 0x0000000717500000|  0%| F|  |TS  3|AC  0|TAMS 0x0000000717400000, 0x0000000717400000|
| 373|0x0000000717500000, 0x0000000717500000, 0x0000000717600000|  0%| F|  |TS  3|AC  0|TAMS 0x0000000717500000, 0x0000000717500000|
| 374|0x0000000717600000, 0x0000000717600000, 0x0000000717700000|  0%| F|  |TS  3|AC  0|TAMS 0x0000000717600000, 0x0000000717600000|
| 375|0x0000000717700000, 0x0000000717700000, 0x0000000717800000|  0%| F|  |TS  3|AC  0|TAMS 0x0000000717700000, 0x0000000717700000|
| 376|0x0000000717800000, 0x0000000717800000, 0x0000000717900000|  0%| F|  |TS  3|AC  0|TAMS 0x0000000717800000, 0x0000000717800000|
| 377|0x0000000717900000, 0x0000000717915b38, 0x0000000717a00000|  8%| E|  |TS  3|AC  0|TAMS 0x0000000717900000, 0x0000000717900000|
| 378|0x0000000717a00000, 0x0000000717b00000, 0x0000000717b00000|100%| E|CS|TS  3|AC  0|TAMS 0x0000000717a00000, 0x0000000717a00000|
| 379|0x0000000717b00000, 0x0000000717c00000, 0x0000000717c00000|100%| E|CS|TS  3|AC  0|TAMS 0x0000000717b00000, 0x0000000717b00000|

Card table byte_map: [0x000002af61f30000,0x000002af62530000] byte_map_base: 0x000002af5e730000

Marking Bits (Prev, Next): (CMBitMap*) 0x000002af49cf47e8, (CMBitMap*) 0x000002af49cf47b0
 Prev Bits: [0x000002af6e100000, 0x000002af71100000)
 Next Bits: [0x000002af6b100000, 0x000002af6e100000)

Polling page: 0x000002af45fd0000

CodeHeap 'non-profiled nmethods': size=120064Kb used=30397Kb max_used=30397Kb free=89666Kb
 bounds [0x000002af59df0000, 0x000002af5bbb0000, 0x000002af61330000]
CodeHeap 'profiled nmethods': size=120000Kb used=52195Kb max_used=52195Kb free=67804Kb
 bounds [0x000002af528c0000, 0x000002af55c30000, 0x000002af59df0000]
CodeHeap 'non-nmethods': size=5696Kb used=1813Kb max_used=1883Kb free=3883Kb
 bounds [0x000002af52330000, 0x000002af525a0000, 0x000002af528c0000]
 total_blobs=44442 nmethods=22557 adapters=1151
 compilation: enabled

Compilation events (10 events):
Event: 5741.505 Thread 0x000002af69576000 nmethod 30300 0x000002af5bba3090 code [0x000002af5bba3240, 0x000002af5bba3658]
Event: 5741.555 Thread 0x000002af69575800 nmethod 30299 0x000002af5bba3810 code [0x000002af5bba3b80, 0x000002af5bba6190]
Event: 5741.871 Thread 0x000002af6865e800 30301       3       ui.data.common.J::<init> (27 bytes)
Event: 5741.872 Thread 0x000002af6865e800 nmethod 30301 0x000002af55c28910 code [0x000002af55c28b20, 0x000002af55c28f80]
Event: 5741.872 Thread 0x000002af6865e800 30302       3       ui.data.common.N::<init> (10 bytes)
Event: 5741.872 Thread 0x000002af6865e800 nmethod 30302 0x000002af55976f10 code [0x000002af559770e0, 0x000002af55977350]
Event: 5741.873 Thread 0x000002af6865e800 30303       3       sun.security.action.GetBooleanAction::<init> (10 bytes)
Event: 5741.875 Thread 0x000002af6865e800 nmethod 30303 0x000002af559a7e90 code [0x000002af559a8040, 0x000002af559a8258]
Event: 5742.673 Thread 0x000002af6865e800 30304       1       ui.views.c.t.b.a::a (5 bytes)
Event: 5742.674 Thread 0x000002af6865e800 nmethod 30304 0x000002af5bba7190 code [0x000002af5bba7340, 0x000002af5bba7438]

GC Heap History (10 events):
Event: 5729.600 GC heap before
{Heap before GC invocations=1320 (full 373):
 garbage-first heap   total 389120K, used 202938K [0x0000000700000000, 0x0000000700100be0, 0x00000007c0000000)
  region size 1024K, 60 young (61440K), 0 survivors (0K)
 Metaspace       used 92765K, capacity 94837K, committed 103244K, reserved 1138688K
  class space    used 12455K, capacity 12892K, committed 14668K, reserved 1048576K
}
Event: 5729.603 GC heap after
{Heap after GC invocations=1321 (full 373):
 garbage-first heap   total 389120K, used 142359K [0x0000000700000000, 0x0000000700100be0, 0x00000007c0000000)
  region size 1024K, 1 young (1024K), 1 survivors (1024K)
 Metaspace       used 92765K, capacity 94837K, committed 103244K, reserved 1138688K
  class space    used 12455K, capacity 12892K, committed 14668K, reserved 1048576K
}
Event: 5731.939 GC heap before
{Heap before GC invocations=1321 (full 373):
 garbage-first heap   total 389120K, used 202775K [0x0000000700000000, 0x0000000700100be0, 0x00000007c0000000)
  region size 1024K, 60 young (61440K), 1 survivors (1024K)
 Metaspace       used 92765K, capacity 94837K, committed 103244K, reserved 1138688K
  class space    used 12455K, capacity 12892K, committed 14668K, reserved 1048576K
}
Event: 5731.942 GC heap after
{Heap after GC invocations=1322 (full 373):
 garbage-first heap   total 389120K, used 141972K [0x0000000700000000, 0x0000000700100be0, 0x00000007c0000000)
  region size 1024K, 1 young (1024K), 1 survivors (1024K)
 Metaspace       used 92765K, capacity 94837K, committed 103244K, reserved 1138688K
  class space    used 12455K, capacity 12892K, committed 14668K, reserved 1048576K
}
Event: 5739.059 GC heap before
{Heap before GC invocations=1322 (full 373):
 garbage-first heap   total 389120K, used 184980K [0x0000000700000000, 0x0000000700100be0, 0x00000007c0000000)
  region size 1024K, 42 young (43008K), 1 survivors (1024K)
 Metaspace       used 92765K, capacity 94837K, committed 103244K, reserved 1138688K
  class space    used 12455K, capacity 12892K, committed 14668K, reserved 1048576K
}
Event: 5739.488 GC heap after
{Heap after GC invocations=1323 (full 374):
 garbage-first heap   total 389120K, used 141014K [0x0000000700000000, 0x0000000700100be0, 0x00000007c0000000)
  region size 1024K, 0 young (0K), 0 survivors (0K)
 Metaspace       used 92765K, capacity 94837K, committed 103244K, reserved 1138688K
  class space    used 12455K, capacity 12892K, committed 14668K, reserved 1048576K
}
Event: 5741.303 GC heap before
{Heap before GC invocations=1323 (full 374):
 garbage-first heap   total 389120K, used 204502K [0x0000000700000000, 0x0000000700100be0, 0x00000007c0000000)
  region size 1024K, 60 young (61440K), 0 survivors (0K)
 Metaspace       used 92765K, capacity 94837K, committed 103244K, reserved 1138688K
  class space    used 12455K, capacity 12892K, committed 14668K, reserved 1048576K
}
Event: 5741.306 GC heap after
{Heap after GC invocations=1324 (full 374):
 garbage-first heap   total 389120K, used 143507K [0x0000000700000000, 0x0000000700100be0, 0x00000007c0000000)
  region size 1024K, 1 young (1024K), 1 survivors (1024K)
 Metaspace       used 92765K, capacity 94837K, committed 103244K, reserved 1138688K
  class space    used 12455K, capacity 12892K, committed 14668K, reserved 1048576K
}
Event: 5742.264 GC heap before
{Heap before GC invocations=1324 (full 374):
 garbage-first heap   total 389120K, used 203923K [0x0000000700000000, 0x0000000700100be0, 0x00000007c0000000)
  region size 1024K, 60 young (61440K), 1 survivors (1024K)
 Metaspace       used 92767K, capacity 94837K, committed 103244K, reserved 1138688K
  class space    used 12455K, capacity 12892K, committed 14668K, reserved 1048576K
}
Event: 5742.267 GC heap after
{Heap after GC invocations=1325 (full 374):
 garbage-first heap   total 389120K, used 143534K [0x0000000700000000, 0x0000000700100be0, 0x00000007c0000000)
  region size 1024K, 1 young (1024K), 1 survivors (1024K)
 Metaspace       used 92767K, capacity 94837K, committed 103244K, reserved 1138688K
  class space    used 12455K, capacity 12892K, committed 14668K, reserved 1048576K
}

Deoptimization events (10 events):
Event: 5707.654 Thread 0x000002af75af0000 Uncommon trap: reason=bimorphic_or_optimized_type_check action=maybe_recompile pc=0x000002af5b7062d4 method=ui.utils.lnf.HSyntheticaJideTabbedPaneUI.paintContentBorder(Ljava/awt/Graphics;II)V @ 30 c2
Event: 5707.657 Thread 0x000002af75af0000 Uncommon trap: reason=class_check action=maybe_recompile pc=0x000002af5a06501c method=sun.java2d.SunGraphics2D.setPaint(Ljava/awt/Paint;)V @ 9 c2
Event: 5707.658 Thread 0x000002af75af0000 Uncommon trap: reason=class_check action=maybe_recompile pc=0x000002af5aaf22ec method=sun.java2d.pipe.ValidatePipe.drawString(Lsun/java2d/SunGraphics2D;Ljava/lang/String;DD)V @ 17 c2
Event: 5707.659 Thread 0x000002af75af0000 Uncommon trap: reason=class_check action=maybe_recompile pc=0x000002af5a06501c method=sun.java2d.SunGraphics2D.setPaint(Ljava/awt/Paint;)V @ 9 c2
Event: 5707.659 Thread 0x000002af75af0000 Uncommon trap: reason=bimorphic_or_optimized_type_check action=maybe_recompile pc=0x000002af5b7062d4 method=ui.utils.lnf.HSyntheticaJideTabbedPaneUI.paintContentBorder(Ljava/awt/Graphics;II)V @ 30 c2
Event: 5707.660 Thread 0x000002af75af0000 Uncommon trap: reason=bimorphic_or_optimized_type_check action=maybe_recompile pc=0x000002af5b7062d4 method=ui.utils.lnf.HSyntheticaJideTabbedPaneUI.paintContentBorder(Ljava/awt/Graphics;II)V @ 30 c2
Event: 5707.667 Thread 0x000002af75af0000 Uncommon trap: reason=class_check action=maybe_recompile pc=0x000002af5aaf22ec method=sun.java2d.pipe.ValidatePipe.drawString(Lsun/java2d/SunGraphics2D;Ljava/lang/String;DD)V @ 17 c2
Event: 5707.675 Thread 0x000002af75af0000 Uncommon trap: reason=class_check action=maybe_recompile pc=0x000002af5aaf22ec method=sun.java2d.pipe.ValidatePipe.drawString(Lsun/java2d/SunGraphics2D;Ljava/lang/String;DD)V @ 17 c2
Event: 5722.230 Thread 0x000002af75af0000 Uncommon trap: reason=class_check action=maybe_recompile pc=0x000002af5bb3fc3c method=java.awt.DefaultKeyboardFocusManager.dispatchEvent(Ljava/awt/AWTEvent;)Z @ 371 c2
Event: 5741.887 Thread 0x000002af75af0000 Uncommon trap: reason=class_check action=maybe_recompile pc=0x000002af5bb3fc3c method=java.awt.DefaultKeyboardFocusManager.dispatchEvent(Ljava/awt/AWTEvent;)Z @ 371 c2

Classes redefined (0 events):
No events

Internal exceptions (10 events):
Event: 5705.498 Thread 0x000002af25148000 Exception <a 'java/lang/InterruptedException'{0x0000000715d849c0}: sleep interrupted> (0x0000000715d849c0) thrown at [t:/workspace/hotspot/src/share/vm/prims/jvm.cpp, line 2984]
Event: 5707.728 Thread 0x000002af75af0000 Exception <a 'java/io/FileNotFoundException'{0x0000000714ad4948}> (0x0000000714ad4948) thrown at [t:/workspace/hotspot/src/share/vm/prims/jni.cpp, line 604]
Event: 5712.728 Thread 0x000002af75af0000 Exception <a 'java/io/FileNotFoundException'{0x00000007148f07c0}> (0x00000007148f07c0) thrown at [t:/workspace/hotspot/src/share/vm/prims/jni.cpp, line 604]
Event: 5717.728 Thread 0x000002af75af0000 Exception <a 'java/io/FileNotFoundException'{0x00000007177de390}> (0x00000007177de390) thrown at [t:/workspace/hotspot/src/share/vm/prims/jni.cpp, line 604]
Event: 5722.728 Thread 0x000002af75af0000 Exception <a 'java/io/FileNotFoundException'{0x000000071671a240}> (0x000000071671a240) thrown at [t:/workspace/hotspot/src/share/vm/prims/jni.cpp, line 604]
Event: 5727.846 Thread 0x000002af25140800 Exception <a 'java/lang/InterruptedException'{0x0000000714587840}: sleep interrupted> (0x0000000714587840) thrown at [t:/workspace/hotspot/src/share/vm/prims/jvm.cpp, line 2984]
Event: 5728.208 Thread 0x000002af75af0000 Exception <a 'java/io/FileNotFoundException'{0x00000007170aeff8}> (0x00000007170aeff8) thrown at [t:/workspace/hotspot/src/share/vm/prims/jni.cpp, line 604]
Event: 5732.729 Thread 0x000002af75af0000 Exception <a 'java/io/FileNotFoundException'{0x000000071713de58}> (0x000000071713de58) thrown at [t:/workspace/hotspot/src/share/vm/prims/jni.cpp, line 604]
Event: 5737.730 Thread 0x000002af75af0000 Exception <a 'java/io/FileNotFoundException'{0x0000000715661360}> (0x0000000715661360) thrown at [t:/workspace/hotspot/src/share/vm/prims/jni.cpp, line 604]
Event: 5742.731 Thread 0x000002af75af0000 Exception <a 'java/io/FileNotFoundException'{0x0000000717b50e58}> (0x0000000717b50e58) thrown at [t:/workspace/hotspot/src/share/vm/prims/jni.cpp, line 604]

Events (10 events):
Event: 5741.872 Thread 0x000002af25140800 Thread added: 0x000002af25140800
Event: 5741.873 Executing VM operation: RevokeBias
Event: 5741.875 Executing VM operation: RevokeBias done
Event: 5741.887 Thread 0x000002af75af0000 Uncommon trap: trap_request=0xffffffde fr.pc=0x000002af5bb3fc3c relative=0x0000000000007fdc
Event: 5741.887 Thread 0x000002af75af0000 DEOPT PACKING pc=0x000002af5bb3fc3c sp=0x000000d508af2bd0
Event: 5741.887 Thread 0x000002af75af0000 DEOPT UNPACKING pc=0x000002af5237df29 sp=0x000000d508af2bb8 mode 2
Event: 5742.264 Executing VM operation: G1IncCollectionPause
Event: 5742.267 Executing VM operation: G1IncCollectionPause done
Event: 5742.490 Thread 0x000002af25148000 Thread added: 0x000002af25148000
Event: 5742.494 Thread 0x000002af25148000 Thread exited: 0x000002af25148000


Dynamic libraries:
0x00007ff668ed0000 - 0x00007ff668f00000 	E:\Xilinx\Vivado\2020.1\bin\unwrapped\win64.o\vivado.exe
0x00007ff8b1700000 - 0x00007ff8b18f0000 	C:\Windows\SYSTEM32\ntdll.dll
0x00007ff8afbc0000 - 0x00007ff8afc72000 	C:\Windows\System32\KERNEL32.DLL
0x00007ff8af270000 - 0x00007ff8af515000 	C:\Windows\System32\KERNELBASE.dll
0x00007ff8ae810000 - 0x00007ff8ae90a000 	C:\Windows\System32\ucrtbase.dll
0x00007ff86dc40000 - 0x00007ff86dcd1000 	C:\Windows\SYSTEM32\MSVCP140.dll
0x00007ff8aa650000 - 0x00007ff8aa66a000 	E:\Xilinx\Vivado\2020.1\lib\win64.o\librdi_commonmain.dll
0x00007ff8aa630000 - 0x00007ff8aa644000 	E:\Xilinx\Vivado\2020.1\lib\win64.o\libboost_signals.dll
0x00007ff8808d0000 - 0x00007ff8808e9000 	C:\Windows\SYSTEM32\VCRUNTIME140.dll
0x00007ff8950f0000 - 0x00007ff8950fc000 	C:\Windows\SYSTEM32\VCRUNTIME140_1.dll
0x00007ff8ab170000 - 0x00007ff8ab17a000 	E:\Xilinx\Vivado\2020.1\lib\win64.o\librdi_commonversion.dll
0x00007ff8a4850000 - 0x00007ff8a4876000 	E:\Xilinx\Vivado\2020.1\lib\win64.o\libboost_filesystem.dll
0x00007ff8b0e80000 - 0x00007ff8b0f23000 	C:\Windows\System32\ADVAPI32.dll
0x00007ff8b0f30000 - 0x00007ff8b0fce000 	C:\Windows\System32\msvcrt.dll
0x00007ff8b0c30000 - 0x00007ff8b0cc7000 	C:\Windows\System32\sechost.dll
0x00007ff8af860000 - 0x00007ff8af97f000 	C:\Windows\System32\RPCRT4.dll
0x00007ff8676e0000 - 0x00007ff867881000 	E:\Xilinx\Vivado\2020.1\lib\win64.o\librdi_commonxillic.dll
0x00007ff8afc80000 - 0x00007ff8afe14000 	C:\Windows\System32\USER32.dll
0x00007ff8ae9f0000 - 0x00007ff8aea11000 	C:\Windows\System32\win32u.dll
0x00007ff8b03e0000 - 0x00007ff8b0406000 	C:\Windows\System32\GDI32.dll
0x00007ff8ae670000 - 0x00007ff8ae808000 	C:\Windows\System32\gdi32full.dll
0x0000000077690000 - 0x00000000777bb000 	E:\Xilinx\Vivado\2020.1\lib\win64.o\tcl85t.dll
0x00007ff8af710000 - 0x00007ff8af7ae000 	C:\Windows\System32\msvcp_win.dll
0x00007ff8b0820000 - 0x00007ff8b088f000 	C:\Windows\System32\WS2_32.dll
0x00007ff8ae9c0000 - 0x00007ff8ae9e6000 	C:\Windows\System32\bcrypt.dll
0x00007ff861100000 - 0x00007ff8621c6000 	E:\Xilinx\Vivado\2020.1\lib\win64.o\librdi_common.dll
0x00007ff8b0fd0000 - 0x00007ff8b16b8000 	C:\Windows\System32\SHELL32.dll
0x00007ff8aa710000 - 0x00007ff8aa71b000 	E:\Xilinx\Vivado\2020.1\lib\win64.o\libboost_system.dll
0x00007ff8a45f0000 - 0x00007ff8a4704000 	E:\Xilinx\Vivado\2020.1\lib\win64.o\libboost_regex.dll
0x00007ff864510000 - 0x00007ff8647eb000 	E:\Xilinx\Vivado\2020.1\lib\win64.o\libXil_lmgr11.dll
0x00007ff8b04e0000 - 0x00007ff8b05b0000 	C:\Windows\System32\COMDLG32.dll
0x00007ff8b08f0000 - 0x00007ff8b0c26000 	C:\Windows\System32\combase.dll
0x00007ff8af680000 - 0x00007ff8af701000 	C:\Windows\System32\bcryptPrimitives.dll
0x00007ff8af7b0000 - 0x00007ff8af857000 	C:\Windows\System32\shcore.dll
0x00007ff8b0890000 - 0x00007ff8b08e2000 	C:\Windows\System32\SHLWAPI.dll
0x00007ff8b0410000 - 0x00007ff8b04d5000 	C:\Windows\System32\OLEAUT32.dll
0x00007ff8ae970000 - 0x00007ff8ae9ba000 	C:\Windows\System32\cfgmgr32.dll
0x00007ff8afa30000 - 0x00007ff8afb87000 	C:\Windows\System32\ole32.dll
0x00007ff8aead0000 - 0x00007ff8af24b000 	C:\Windows\System32\windows.storage.dll
0x00007ff8ae910000 - 0x00007ff8ae96c000 	C:\Windows\System32\WINTRUST.dll
0x00007ff8641a0000 - 0x00007ff86450e000 	E:\Xilinx\Vivado\2020.1\lib\win64.o\libCOIN-all.dll
0x00007ff8ae630000 - 0x00007ff8ae64e000 	C:\Windows\System32\profapi.dll
0x00007ff8ae610000 - 0x00007ff8ae622000 	C:\Windows\System32\MSASN1.dll
0x00007ff8af520000 - 0x00007ff8af671000 	C:\Windows\System32\CRYPT32.dll
0x00007ff8a88b0000 - 0x00007ff8a88c4000 	E:\Xilinx\Vivado\2020.1\lib\win64.o\libboost_date_time.dll
0x00007ff85f1a0000 - 0x00007ff85fe55a00 	E:\Xilinx\Vivado\2020.1\lib\win64.o\libisl_iostreams.dll
0x00007ff8ae5c0000 - 0x00007ff8ae60a000 	C:\Windows\System32\powrprof.dll
0x00007ff8a01c0000 - 0x00007ff8a023f000 	E:\Xilinx\Vivado\2020.1\lib\win64.o\libboost_program_options.dll
0x00007ff8ae5b0000 - 0x00007ff8ae5c0000 	C:\Windows\System32\UMPDC.dll
0x00007ff8ae650000 - 0x00007ff8ae661000 	C:\Windows\System32\kernel.appcore.dll
0x00007ff8a4820000 - 0x00007ff8a4841000 	E:\Xilinx\Vivado\2020.1\lib\win64.o\libboost_thread.dll
0x00007ff8aa290000 - 0x00007ff8aa29f000 	E:\Xilinx\Vivado\2020.1\lib\win64.o\libboost_xilinx.dll
0x00007ff8af250000 - 0x00007ff8af267000 	C:\Windows\System32\cryptsp.dll
0x00007ff8a0130000 - 0x00007ff8a01b2000 	E:\Xilinx\Vivado\2020.1\lib\win64.o\libhdlpsolve.dll
0x00007ff889fc0000 - 0x00007ff88a065000 	E:\Xilinx\Vivado\2020.1\lib\win64.o\libhdxml.dll
0x00007ff8a47f0000 - 0x00007ff8a481e000 	E:\Xilinx\Vivado\2020.1\lib\win64.o\libisl_sysinfo.dll
0x00007ff8a82a0000 - 0x00007ff8a82ba000 	E:\Xilinx\Vivado\2020.1\lib\win64.o\pthreadVC2.dll
0x00007ff88e990000 - 0x00007ff88e9f5000 	E:\Xilinx\Vivado\2020.1\lib\win64.o\liblmx6.0.dll
0x00007ff8a45d0000 - 0x00007ff8a45ec000 	E:\Xilinx\Vivado\2020.1\lib\win64.o\librdiconfig.dll
0x00007ff8a45a0000 - 0x00007ff8a45c1000 	E:\Xilinx\Vivado\2020.1\lib\win64.o\librdizlib.dll
0x00007ff8a1fc0000 - 0x00007ff8a1fd7000 	C:\Windows\SYSTEM32\NETAPI32.dll
0x00007ff8a1a80000 - 0x00007ff8a1f57000 	C:\Windows\SYSTEM32\WININET.dll
0x0000000012000000 - 0x0000000012270000 	E:\Xilinx\Vivado\2020.1\lib\win64.o\xerces-c_3_1.dll
0x00007ff8a61a0000 - 0x00007ff8a629a000 	C:\Windows\SYSTEM32\WINHTTP.dll
0x00007ff8aa920000 - 0x00007ff8aa9c9000 	C:\Windows\WinSxS\amd64_microsoft.windows.common-controls_6595b64144ccf1df_5.82.18362.1440_none_73b6d8b6d812b8c6\COMCTL32.dll
0x00007ff89e520000 - 0x00007ff89e6f7000 	C:\Windows\SYSTEM32\urlmon.dll
0x00007ff8a8000000 - 0x00007ff8a801c000 	C:\Windows\SYSTEM32\dhcpcsvc.DLL
0x00007ff8b0760000 - 0x00007ff8b0768000 	C:\Windows\System32\NSI.dll
0x00007ff8a12b0000 - 0x00007ff8a12b9000 	C:\Windows\SYSTEM32\WSOCK32.dll
0x00007ff8a43a0000 - 0x00007ff8a43bb000 	E:\Xilinx\Vivado\2020.1\lib\win64.o\libboost_iostreams.dll
0x00007ff8a0100000 - 0x00007ff8a0125000 	E:\Xilinx\Vivado\2020.1\lib\win64.o\libisl_iosutils.dll
0x00007ff8a8880000 - 0x00007ff8a888d000 	E:\Xilinx\Vivado\2020.1\lib\win64.o\libboost_chrono.dll
0x00007ff8934f0000 - 0x00007ff89351d000 	C:\Windows\SYSTEM32\VCOMP140.DLL
0x00007ff89e230000 - 0x00007ff89e4d7000 	C:\Windows\SYSTEM32\iertutil.dll
0x00007ff8adfc0000 - 0x00007ff8adfcc000 	C:\Windows\SYSTEM32\CRYPTBASE.DLL
0x00007ff85e300000 - 0x00007ff85f191000 	E:\Xilinx\Vivado\2020.1\lib\win64.o\gurobi65.dll
0x00007ff8adc10000 - 0x00007ff8adc1c000 	C:\Windows\SYSTEM32\NETUTILS.DLL
0x00007ff8addf0000 - 0x00007ff8ade57000 	C:\Windows\SYSTEM32\MSWSOCK.DLL
0x00007ff8afb90000 - 0x00007ff8afbbe000 	C:\Windows\System32\IMM32.DLL
0x00007ff862e10000 - 0x00007ff86330c000 	E:\Xilinx\Vivado\2020.1\lib\win64.o\librdi_commontasks.dll
0x00007ff8a8ca0000 - 0x00007ff8a8caa000 	C:\Windows\SYSTEM32\VERSION.dll
0x0000000075ed0000 - 0x00000000768f5000 	E:\Xilinx\Vivado\2020.1\tps\win64\jre9.0.4\bin\server\jvm.dll
0x00007ff8afa20000 - 0x00007ff8afa28000 	C:\Windows\System32\PSAPI.DLL
0x00007ff862b20000 - 0x00007ff862e04000 	E:\Xilinx\Vivado\2020.1\lib\win64.o\librdi_sio.dll
0x00007ff8ab240000 - 0x00007ff8ab264000 	C:\Windows\SYSTEM32\WINMM.dll
0x00007ff880590000 - 0x00007ff88067f000 	C:\Windows\SYSTEM32\MSVCR120.dll
0x00007ff8adb00000 - 0x00007ff8adb3a000 	C:\Windows\SYSTEM32\IPHLPAPI.DLL
0x00007ff8ab210000 - 0x00007ff8ab23d000 	C:\Windows\SYSTEM32\WINMMBASE.dll
0x00007ff854330000 - 0x00007ff8569c5000 	E:\Xilinx\Vivado\2020.1\lib\win64.o\librdi_tcltasks.dll
0x00007ff860c30000 - 0x00007ff8610f6000 	E:\Xilinx\Vivado\2020.1\lib\win64.o\librdi_bitstream.dll
0x00007ff880a90000 - 0x00007ff880b0b000 	E:\Xilinx\Vivado\2020.1\lib\win64.o\librdi_boarddep.dll
0x00007ff876dd0000 - 0x00007ff876ec6000 	E:\Xilinx\Vivado\2020.1\lib\win64.o\librdi_chipscope.dll
0x00007ff8651f0000 - 0x00007ff8653b1000 	E:\Xilinx\Vivado\2020.1\lib\win64.o\librdi_chipscopeimpl.dll
0x00007ff864e90000 - 0x00007ff865043000 	E:\Xilinx\Vivado\2020.1\lib\win64.o\librdi_board.dll
0x00007ff86be90000 - 0x00007ff86bfeb000 	E:\Xilinx\Vivado\2020.1\lib\win64.o\librdi_containers.dll
0x00007ff85dc20000 - 0x00007ff85e2f9000 	E:\Xilinx\Vivado\2020.1\lib\win64.o\librdi_coregenipxact.dll
0x00007ff83d240000 - 0x00007ff83f3ad000 	E:\Xilinx\Vivado\2020.1\lib\win64.o\librdi_coregen.dll
0x00007ff838f10000 - 0x00007ff83d23e000 	E:\Xilinx\Vivado\2020.1\lib\win64.o\librdi_designutils.dll
0x00007ff860140000 - 0x00007ff86048b000 	E:\Xilinx\Vivado\2020.1\lib\win64.o\librdi_dlyest.dll
0x00007ff85d3e0000 - 0x00007ff85d9fe000 	E:\Xilinx\Vivado\2020.1\lib\win64.o\librdi_drc.dll
0x00007ff880700000 - 0x00007ff8807c4000 	E:\Xilinx\Vivado\2020.1\lib\win64.o\librdi_dsp.dll
0x00007ff85c630000 - 0x00007ff85c94c000 	E:\Xilinx\Vivado\2020.1\lib\win64.o\librdi_guitools.dll
0x00007ff86fcd0000 - 0x00007ff86fd47000 	E:\Xilinx\Vivado\2020.1\lib\win64.o\librdi_hdf.dll
0x00007ff85c950000 - 0x00007ff85cfd6000 	E:\Xilinx\Vivado\2020.1\lib\win64.o\librdi_filemgmt.dll
0x00007ff821040000 - 0x00007ff838f10000 	E:\Xilinx\Vivado\2020.1\lib\win64.o\librdi_device.dll
0x00007ff860830000 - 0x00007ff860a85000 	E:\Xilinx\Vivado\2020.1\lib\win64.o\librdi_hip_devdesign.dll
0x00007ff8629d0000 - 0x00007ff862b18000 	E:\Xilinx\Vivado\2020.1\lib\win64.o\librdi_hip_perf_analysis.dll
0x00007ff86faf0000 - 0x00007ff86fb64000 	E:\Xilinx\Vivado\2020.1\lib\win64.o\librdi_memoryarray.dll
0x00007ff85bff0000 - 0x00007ff85c62e000 	E:\Xilinx\Vivado\2020.1\lib\win64.o\librdi_memdata.dll
0x00007ff81f6f0000 - 0x00007ff82103a000 	E:\Xilinx\Vivado\2020.1\lib\win64.o\librdi_implflow.dll
0x00007ff81ac40000 - 0x00007ff81dab7000 	E:\Xilinx\Vivado\2020.1\lib\win64.o\librdi_mig.dll
0x00007ff853c20000 - 0x00007ff854323000 	E:\Xilinx\Vivado\2020.1\lib\win64.o\librdi_netlist.dll
0x00007ff889b00000 - 0x00007ff889b4e000 	E:\Xilinx\Vivado\2020.1\lib\win64.o\librdi_pfi.dll
0x00007ff81dac0000 - 0x00007ff81f6ea000 	E:\Xilinx\Vivado\2020.1\lib\win64.o\librdi_constraints.dll
0x00007ff85bc90000 - 0x00007ff85bfe1000 	E:\Xilinx\Vivado\2020.1\lib\win64.o\librdi_platform.dll
0x00007ff817880000 - 0x00007ff8180b4000 	E:\Xilinx\Vivado\2020.1\lib\win64.o\librdi_power.dll
0x00007ff816b40000 - 0x00007ff81727c000 	E:\Xilinx\Vivado\2020.1\lib\win64.o\librdi_psta.dll
0x00007ff817280000 - 0x00007ff817875000 	E:\Xilinx\Vivado\2020.1\lib\win64.o\librdi_project.dll
0x00007ff8163d0000 - 0x00007ff816b3f000 	E:\Xilinx\Vivado\2020.1\lib\win64.o\librdi_rsb.dll
0x00007ff86c590000 - 0x00007ff86c698000 	E:\Xilinx\Vivado\2020.1\lib\win64.o\librdi_runsbase.dll
0x00007ff853780000 - 0x00007ff853c1a000 	E:\Xilinx\Vivado\2020.1\lib\win64.o\librdi_runs.dll
0x00007ff8180c0000 - 0x00007ff81ac31000 	E:\Xilinx\Vivado\2020.1\lib\win64.o\librdi_place.dll
0x00007ff816150000 - 0x00007ff8163c5000 	E:\Xilinx\Vivado\2020.1\lib\win64.o\librdi_simdata.dll
0x00007ff86ad10000 - 0x00007ff86ae0f000 	E:\Xilinx\Vivado\2020.1\lib\win64.o\librdi_xhub.dll
0x00007ff86f840000 - 0x00007ff86f8e8000 	E:\Xilinx\Vivado\2020.1\lib\win64.o\librdi_xhubtasks.dll
0x00007ff815240000 - 0x00007ff81614a000 	E:\Xilinx\Vivado\2020.1\lib\win64.o\librdi_timing.dll
0x00007ff862760000 - 0x00007ff862933000 	E:\Xilinx\Vivado\2020.1\lib\win64.o\librdi_advchipscopeimpl.dll
0x00007ff883e90000 - 0x00007ff883edd000 	E:\Xilinx\Vivado\2020.1\lib\win64.o\libboost_graph.dll

VM Arguments:
jvm_args: -Dsun.java2d.pmoffscreen=false -Dsun.java2d.xrender=false -Dsun.java2d.d3d=false -Dsun.awt.nopixfmt=true -Dsun.java2d.dpiaware=true -Dsun.java2d.uiScale.enabled=false -Xverify:none -Dswing.aatext=true -XX:-UsePerfData -Djdk.map.althashing.threshold=512 -XX:StringTableSize=4072 --add-opens=java.base/java.nio=ALL-UNNAMED --add-opens=java.desktop/sun.swing=ALL-UNNAMED --add-opens=java.desktop/javax.swing=ALL-UNNAMED --add-opens=java.desktop/javax.swing.tree=ALL-UNNAMED --add-opens=java.desktop/javax.swing.plaf.basic=ALL-UNNAMED --add-opens=java.desktop/javax.swing.plaf.synth=ALL-UNNAMED --add-opens=java.desktop/com.sun.awt=ALL-UNNAMED -XX:NewSize=60m -XX:MaxNewSize=60m -Xms128m -Xmx3072m -Xss5m 
java_command: <unknown>
java_class_path (initial): E:/Xilinx/Vivado/2020.1\lib\classes\alloy.jar;E:/Xilinx/Vivado/2020.1\lib\classes\ArchiveSummary.jar;E:/Xilinx/Vivado/2020.1\lib\classes\autoesl-models.jar;E:/Xilinx/Vivado/2020.1\lib\classes\autopilot.scelaborator.jar;E:/Xilinx/Vivado/2020.1\lib\classes\autopilot.sourceprocessor.jar;E:/Xilinx/Vivado/2020.1\lib\classes\autopilot.tbprocessor.jar;E:/Xilinx/Vivado/2020.1\lib\classes\batik-anim.jar;E:/Xilinx/Vivado/2020.1\lib\classes\batik-awt-util.jar;E:/Xilinx/Vivado/2020.1\lib\classes\batik-bridge.jar;E:/Xilinx/Vivado/2020.1\lib\classes\batik-codec.jar;E:/Xilinx/Vivado/2020.1\lib\classes\batik-css.jar;E:/Xilinx/Vivado/2020.1\lib\classes\batik-dom.jar;E:/Xilinx/Vivado/2020.1\lib\classes\batik-ext.jar;E:/Xilinx/Vivado/2020.1\lib\classes\batik-gui-util.jar;E:/Xilinx/Vivado/2020.1\lib\classes\batik-gvt.jar;E:/Xilinx/Vivado/2020.1\lib\classes\batik-parser.jar;E:/Xilinx/Vivado/2020.1\lib\classes\batik-script.jar;E:/Xilinx/Vivado/2020.1\lib\classes\batik-svg-dom.jar;E:/Xilinx/Vivado/2020.1\lib\classes\batik-swing.jar;E:/Xilinx/Vivado/2020.1\lib\classes\batik-transcoder.jar;E:/Xilinx/Vivado/2020.1\lib\classes\batik-util.jar;E:/Xilinx/Vivado/2020.1\lib\classes\batik-xml.jar;E:/Xilinx/Vivado/2020.1\lib\classes\com.google.gson_2.8.2.v20180104-1110.jar;E:/Xilinx/Vivado/2020.1\lib\classes\com.google.guava_27.1.0.v20190517-1946.jar;E:/Xilinx/Vivado/2020.1\lib\classes\com.ibm.icu_4.4.2.v20110208.jar;E:/Xilinx/Vivado/2020.1\lib\classes\com.sigasi.hdt.connection_4.8.0.202004151336.jar;E:/Xilinx/Vivado/2020.1\lib\classes\com.sigasi.hdt.epl_4.8.0.202004151336.jar;E:/Xilinx/Vivado/2020.1\lib\classes\com.sigasi.hdt.project_4.8.0.202004151336.jar;E:/Xilinx/Vivado/2020.1\lib\classes\com.sigasi.hdt.readonlyfilesystem_4.8.0.202004151336.jar;E:/Xilinx/Vivado/2020.1\lib\classes\com.sigasi.lcm_4.8.0.202004151336.jar;E:/Xilinx/Vivado/2020.1\lib\classes\com.sigasi.sdk.client_4.8.0.202004151336.jar;E:/Xilinx/Vivado/2020.1\lib\classes\com.xilinx.hls.services.jar;E:/Xili
Launcher Type: generic

Logging:
Log output configuration:
#0: stdout all=warning uptime,level,tags
#1: stderr all=off uptime,level,tags

Environment Variables:
PATH=E:/Xilinx/Vivado/2020.1\gnuwin\bin;E:/Xilinx/Vivado/2020.1\gnu\microblaze\nt\bin;E:/Xilinx/Vivado/2020.1/bin;E:/Xilinx/Vivado/2020.1/lib/win64.o;E:/Xilinx/Vivado/2020.1/tps/win64/jre9.0.4/bin/server;E:/Xilinx/Vivado/2020.1/tps/win64/jre9.0.4/bin;E:/Xilinx/Vitis/2020.1/bin;E:/Xilinx/Vivado/2020.1/ids_lite/ISE/bin/nt64;E:/Xilinx/Vivado/2020.1/ids_lite/ISE/lib/nt64;C:\Program Files (x86)\Common Files\Oracle\Java\javapath;C:\Windows\system32;C:\Windows;C:\Windows\System32\Wbem;C:\Windows\System32\WindowsPowerShell\v1.0\;C:\Windows\System32\OpenSSH\;C:\Program Files (x86)\ZeroTier\One\;E:\Arm Keil\ARM\ARMCC\bin;C:\Users\aleks\AppData\Local\Microsoft\WindowsApps;;E:/Xilinx/Vivado/2020.1\tps\mingw\6.2.0\win64.o\nt\bin;E:/Xilinx/Vivado/2020.1\tps\mingw\6.2.0\win64.o\nt\libexec\gcc\x86_64-w64-mingw32\6.2.0;E:/Xilinx/Vivado/2020.1\tps\win64\python-2.7.16;E:/Xilinx/Vivado/2020.1\tps\win64\python-2.7.16\bin;E:/Xilinx/Vivado/2020.1\tps\win64\python-2.7.16\lib;E:/Xilinx/Vivado/2020.1\tps\win64\python-2.7.16\Lib\lib-tk;E:/Xilinx/Vivado/2020.1\tps\win64\python-2.7.16\lib\site-packages
USERNAME=aleks
OS=Windows_NT
PROCESSOR_IDENTIFIER=Intel64 Family 6 Model 58 Stepping 9, GenuineIntel



---------------  S Y S T E M  ---------------

OS: Windows 10 , 64 bit Build 18362 (10.0.18362.1350)

CPU:total 4 (initial active 4) (4 cores per cpu, 1 threads per core) family 6 model 58 stepping 9, cmov, cx8, fxsr, mmx, sse, sse2, sse3, ssse3, sse4.1, sse4.2, popcnt, avx, aes, clmul, erms, tsc, tscinvbit, tscinv

Memory: 4k page, physical 16723232k(9211272k free), swap 19551068k(6996672k free)

vm_info: Java HotSpot(TM) 64-Bit Server VM (9.0.4+11) for windows-amd64 JRE (9.0.4+11), built on Dec 20 2017 02:18:54 by "mach5one" with MS VC++ 12.0 (VS2013)

END.
