INFO: [VRFC 10-2263] Analyzing Verilog file "V:/hardware/m3_for_arty_a7/block_diagram/tri_io_buf.v" into library xil_defaultlib
INFO: [VRFC 10-311] analyzing module tri_io_buf
INFO: [VRFC 10-2263] Analyzing Verilog file "V:/hardware/m3_for_arty_a7/block_diagram/ip/m3_for_arty_a7_i_interconnect_aresetn_0_1/sim/m3_for_arty_a7_i_interconnect_aresetn_0.v" into library xil_defaultlib
INFO: [VRFC 10-311] analyzing module m3_for_arty_a7_i_interconnect_aresetn_0
INFO: [VRFC 10-2263] Analyzing Verilog file "V:/hardware/m3_for_arty_a7/block_diagram/ip/m3_for_arty_a7_i_peripheral_aresetn1_0_1/sim/m3_for_arty_a7_i_peripheral_aresetn1_0.v" into library xil_defaultlib
INFO: [VRFC 10-311] analyzing module m3_for_arty_a7_i_peripheral_aresetn1_0
INFO: [VRFC 10-2263] Analyzing Verilog file "V:/hardware/m3_for_arty_a7/block_diagram/ip/m3_for_arty_a7_i_sysresetn_or_0_1/sim/m3_for_arty_a7_i_sysresetn_or_0.v" into library xil_defaultlib
INFO: [VRFC 10-311] analyzing module m3_for_arty_a7_i_sysresetn_or_0
INFO: [VRFC 10-2263] Analyzing Verilog file "V:/hardware/m3_for_arty_a7/block_diagram/ip/m3_for_arty_a7_i_inv_dbgresetn_0_1/sim/m3_for_arty_a7_i_inv_dbgresetn_0.v" into library xil_defaultlib
INFO: [VRFC 10-311] analyzing module m3_for_arty_a7_i_inv_dbgresetn_0
INFO: [VRFC 10-2263] Analyzing Verilog file "V:/hardware/m3_for_arty_a7/block_diagram/ip/m3_for_arty_a7_i_inv_sysresetn1_0_1/sim/m3_for_arty_a7_i_inv_sysresetn1_0.v" into library xil_defaultlib
INFO: [VRFC 10-311] analyzing module m3_for_arty_a7_i_inv_sysresetn1_0
INFO: [VRFC 10-2263] Analyzing Verilog file "V:/hardware/m3_for_arty_a7/block_diagram/ip/m3_for_arty_a7_clk_wiz_0_0_1/m3_for_arty_a7_clk_wiz_0_0_clk_wiz.v" into library xil_defaultlib
INFO: [VRFC 10-311] analyzing module m3_for_arty_a7_clk_wiz_0_0_clk_wiz
INFO: [VRFC 10-2458] undeclared symbol clk_out1_m3_for_arty_a7_clk_wiz_0_0_en_clk, assumed default net type wire [V:/hardware/m3_for_arty_a7/block_diagram/ip/m3_for_arty_a7_clk_wiz_0_0_1/m3_for_arty_a7_clk_wiz_0_0_clk_wiz.v:212]
INFO: [VRFC 10-2458] undeclared symbol clk_out2_m3_for_arty_a7_clk_wiz_0_0_en_clk, assumed default net type wire [V:/hardware/m3_for_arty_a7/block_diagram/ip/m3_for_arty_a7_clk_wiz_0_0_1/m3_for_arty_a7_clk_wiz_0_0_clk_wiz.v:224]
INFO: [VRFC 10-2263] Analyzing Verilog file "V:/hardware/m3_for_arty_a7/block_diagram/ip/m3_for_arty_a7_clk_wiz_0_0_1/m3_for_arty_a7_clk_wiz_0_0.v" into library xil_defaultlib
INFO: [VRFC 10-311] analyzing module m3_for_arty_a7_clk_wiz_0_0
INFO: [VRFC 10-2263] Analyzing Verilog file "V:/hardware/m3_for_arty_a7/block_diagram/ip/m3_for_arty_a7_xlconstant_1_0_1/sim/m3_for_arty_a7_xlconstant_1_0.v" into library xil_defaultlib
INFO: [VRFC 10-311] analyzing module m3_for_arty_a7_xlconstant_1_0
INFO: [VRFC 10-2263] Analyzing Verilog file "V:/hardware/m3_for_arty_a7/block_diagram/ip/m3_for_arty_a7_xbar_0_1/sim/m3_for_arty_a7_xbar_0.v" into library xil_defaultlib
INFO: [VRFC 10-311] analyzing module m3_for_arty_a7_xbar_0
INFO: [VRFC 10-2263] Analyzing Verilog file "V:/hardware/m3_for_arty_a7/block_diagram/ip/m3_for_arty_a7_blk_mem_gen_0_0_1/sim/m3_for_arty_a7_blk_mem_gen_0_0.v" into library xil_defaultlib
INFO: [VRFC 10-311] analyzing module m3_for_arty_a7_blk_mem_gen_0_0
INFO: [VRFC 10-2263] Analyzing Verilog file "V:/hardware/m3_for_arty_a7/block_diagram/ip/m3_for_arty_a7_xbar_1_1/sim/m3_for_arty_a7_xbar_1.v" into library xil_defaultlib
INFO: [VRFC 10-311] analyzing module m3_for_arty_a7_xbar_1
INFO: [VRFC 10-2263] Analyzing Verilog file "V:/hardware/m3_for_arty_a7/block_diagram/ip/m3_for_arty_a7_axi_protocol_convert_0_0_1/sim/m3_for_arty_a7_axi_protocol_convert_0_0.v" into library xil_defaultlib
INFO: [VRFC 10-311] analyzing module m3_for_arty_a7_axi_protocol_convert_0_0
INFO: [VRFC 10-2263] Analyzing Verilog file "V:/hardware/m3_for_arty_a7/block_diagram/ipshared/5fe9/DAPLink_to_Arty_shield.v" into library xil_defaultlib
INFO: [VRFC 10-311] analyzing module DAPLink_to_Arty_shield
INFO: [VRFC 10-2263] Analyzing Verilog file "V:/hardware/m3_for_arty_a7/block_diagram/ip/m3_for_arty_a7_DAPLink_to_Arty_shield_0_0_1/sim/m3_for_arty_a7_DAPLink_to_Arty_shield_0_0.v" into library xil_defaultlib
INFO: [VRFC 10-311] analyzing module m3_for_arty_a7_DAPLink_to_Arty_shield_0_0
INFO: [VRFC 10-2263] Analyzing Verilog file "V:/hardware/m3_for_arty_a7/block_diagram/ip/m3_for_arty_a7_tri_io_buf_0_0_1/sim/m3_for_arty_a7_tri_io_buf_0_0.v" into library xil_defaultlib
INFO: [VRFC 10-311] analyzing module m3_for_arty_a7_tri_io_buf_0_0
INFO: [VRFC 10-2263] Analyzing Verilog file "V:/hardware/m3_for_arty_a7/block_diagram/ip/m3_for_arty_a7_xlconcat_0_0_1/sim/m3_for_arty_a7_xlconcat_0_0.v" into library xil_defaultlib
INFO: [VRFC 10-311] analyzing module m3_for_arty_a7_xlconcat_0_0
INFO: [VRFC 10-2263] Analyzing Verilog file "V:/hardware/m3_for_arty_a7/block_diagram/ip/m3_for_arty_a7_xlconcat_1_0_1/sim/m3_for_arty_a7_xlconcat_1_0.v" into library xil_defaultlib
INFO: [VRFC 10-311] analyzing module m3_for_arty_a7_xlconcat_1_0
INFO: [VRFC 10-2263] Analyzing Verilog file "V:/hardware/m3_for_arty_a7/block_diagram/ip/m3_for_arty_a7_xlconstant_1_1_1/sim/m3_for_arty_a7_xlconstant_1_1.v" into library xil_defaultlib
INFO: [VRFC 10-311] analyzing module m3_for_arty_a7_xlconstant_1_1
INFO: [VRFC 10-2263] Analyzing Verilog file "V:/hardware/m3_for_arty_a7/block_diagram/ipshared/ea75/rtl/cm3_dap_ahb_ap.v" into library xil_defaultlib
INFO: [VRFC 10-311] analyzing module cm3_dap_ahb_ap_slv
INFO: [VRFC 10-311] analyzing module cm3_dap_ahb_ap_mst
INFO: [VRFC 10-311] analyzing module cm3_dap_ahb_ap_sync
INFO: [VRFC 10-311] analyzing module cm3_dap_ahb_ap
INFO: [VRFC 10-2263] Analyzing Verilog file "V:/hardware/m3_for_arty_a7/block_diagram/ipshared/ea75/rtl/cm3_wic.v" into library xil_defaultlib
INFO: [VRFC 10-311] analyzing module cm3_wic
INFO: [VRFC 10-311] analyzing module cm3_example_pmu
INFO: [VRFC 10-2263] Analyzing Verilog file "V:/hardware/m3_for_arty_a7/block_diagram/ipshared/ea75/rtl/cm3_nvic.v" into library xil_defaultlib
INFO: [VRFC 10-311] analyzing module cm3_nvic_int_state
INFO: [VRFC 10-311] analyzing module cm3_nvic_reg
INFO: [VRFC 10-311] analyzing module cm3_nvic_cell
INFO: [VRFC 10-311] analyzing module cm3_nvic_tree
INFO: [VRFC 10-311] analyzing module cm3_nvic_main
INFO: [VRFC 10-311] analyzing module cm3_nvic
INFO: [VRFC 10-311] analyzing module cm3_nvic_ppb_intf
INFO: [VRFC 10-311] analyzing module cm3_nvic_preempt
INFO: [VRFC 10-2263] Analyzing Verilog file "V:/hardware/m3_for_arty_a7/block_diagram/ipshared/ea75/rtl/cm3_dwt.v" into library xil_defaultlib
INFO: [VRFC 10-311] analyzing module cm3_dwt_packet_gen
INFO: [VRFC 10-311] analyzing module cm3_dwt_comp
INFO: [VRFC 10-311] analyzing module cm3_dwt_apb_if
INFO: [VRFC 10-311] analyzing module cm3_dwt
INFO: [VRFC 10-311] analyzing module cm3_dwt_packet_state
INFO: [VRFC 10-2263] Analyzing Verilog file "V:/hardware/m3_for_arty_a7/block_diagram/ipshared/ea75/rtl/AhbToAxi.v" into library xil_defaultlib
INFO: [VRFC 10-311] analyzing module AhbMToAxi
INFO: [VRFC 10-311] analyzing module AhbToAxiIncrOverride
INFO: [VRFC 10-311] analyzing module AhbLiteMToAxi
INFO: [VRFC 10-311] analyzing module A11AhbLiteMToAxi
INFO: [VRFC 10-311] analyzing module AhbSToAxi
INFO: [VRFC 10-311] analyzing module AhbToAxiStrbGen
INFO: [VRFC 10-311] analyzing module AhbToAxiHtransSquelch
INFO: [VRFC 10-2263] Analyzing Verilog file "V:/hardware/m3_for_arty_a7/block_diagram/ipshared/ea75/rtl/cm3_mpu.v" into library xil_defaultlib
INFO: [VRFC 10-311] analyzing module cm3_mpu_align
INFO: [VRFC 10-311] analyzing module cm3_mpu_regions
INFO: [VRFC 10-311] analyzing module cm3_mpu_region
INFO: [VRFC 10-311] analyzing module cm3_mpu_maskgen
INFO: [VRFC 10-311] analyzing module cm3_mpu_ppb_intf
INFO: [VRFC 10-311] analyzing module cm3_mpu
INFO: [VRFC 10-311] analyzing module cm3_mpu_default
INFO: [VRFC 10-311] analyzing module cm3_mpu_ahb_ctl
INFO: [VRFC 10-311] analyzing module cm3_mpu_comp
INFO: [VRFC 10-311] analyzing module cm3_mpu_full
INFO: [VRFC 10-2263] Analyzing Verilog file "V:/hardware/m3_for_arty_a7/block_diagram/ipshared/ea75/rtl/cm3_bus_matrix.v" into library xil_defaultlib
INFO: [VRFC 10-311] analyzing module cm3_mtx_decode_dcore
INFO: [VRFC 10-311] analyzing module cm3_mtx_decode_dap
INFO: [VRFC 10-311] analyzing module cm3_mtx_decode_icore
INFO: [VRFC 10-311] analyzing module cm3_mtx_input_stage_icore
INFO: [VRFC 10-311] analyzing module cm3_mtx_output_stage_icode
INFO: [VRFC 10-311] analyzing module cm3_mtx_input_stage_dcore
INFO: [VRFC 10-311] analyzing module cm3_mtx_input_stage_dap
INFO: [VRFC 10-311] analyzing module cm3_bus_matrix
INFO: [VRFC 10-311] analyzing module cm3_mtx_output_stage_sys
INFO: [VRFC 10-311] analyzing module cm3_mtx_output_stage_dcode
INFO: [VRFC 10-311] analyzing module cm3_mtx_output_stage_ppb
INFO: [VRFC 10-311] analyzing module cm3_mtx_bit_master
INFO: [VRFC 10-2263] Analyzing Verilog file "V:/hardware/m3_for_arty_a7/block_diagram/ipshared/ea75/rtl/models.v" into library xil_defaultlib
INFO: [VRFC 10-311] analyzing module cm3_cdc_random
INFO: [VRFC 10-311] analyzing module cm3_sync
INFO: [VRFC 10-311] analyzing module cm3_etm_clk_gate
INFO: [VRFC 10-311] analyzing module cm3_cdc_capt_sync
INFO: [VRFC 10-311] analyzing module cm3_clk_gate
INFO: [VRFC 10-311] analyzing module cm3_cdc_connect
INFO: [VRFC 10-2263] Analyzing Verilog file "V:/hardware/m3_for_arty_a7/block_diagram/ipshared/ea75/rtl/cmsdk.v" into library xil_defaultlib
INFO: [VRFC 10-311] analyzing module cmsdk_ahb_to_sram
INFO: [VRFC 10-2263] Analyzing Verilog file "V:/hardware/m3_for_arty_a7/block_diagram/ipshared/ea75/rtl/cm3_tpiu.v" into library xil_defaultlib
INFO: [VRFC 10-311] analyzing module cm3_tpiu_apb_if
INFO: [VRFC 10-311] analyzing module cm3_tpiu
INFO: [VRFC 10-311] analyzing module cm3_tpiu_trace_out
INFO: [VRFC 10-311] analyzing module cm3_tpiu_trace_clk
INFO: [VRFC 10-311] analyzing module cm3_tpiu_formatter
INFO: [VRFC 10-311] analyzing module cm3_tpiu_trace_sync
INFO: [VRFC 10-311] analyzing module cm3_tpiu_atb_fifo
INFO: [VRFC 10-311] analyzing module cm3_tpiu_atb_sync
INFO: [VRFC 10-311] analyzing module cm3_tpiu_trace_fifo
INFO: [VRFC 10-2263] Analyzing Verilog file "V:/hardware/m3_for_arty_a7/block_diagram/ipshared/ea75/rtl/dapswjdp.v" into library xil_defaultlib
INFO: [VRFC 10-311] analyzing module DAPDpClamp0
INFO: [VRFC 10-311] analyzing module DAPDpIMux
INFO: [VRFC 10-311] analyzing module DAPDpApbSync
INFO: [VRFC 10-311] analyzing module DAPSwDpProtocol
INFO: [VRFC 10-311] analyzing module DAPDpSync
INFO: [VRFC 10-311] analyzing module DAPSwjWatcher
INFO: [VRFC 10-311] analyzing module DAPDpApbIfClamp
INFO: [VRFC 10-311] analyzing module DAPDpEnSync
INFO: [VRFC 10-311] analyzing module DAPSwDpSync
INFO: [VRFC 10-311] analyzing module DAPSWJDP
INFO: [VRFC 10-311] analyzing module DAPJtagDpProtocol
INFO: [VRFC 10-311] analyzing module DAPSwDpApbIf
INFO: [VRFC 10-2263] Analyzing Verilog file "V:/hardware/m3_for_arty_a7/block_diagram/ipshared/ea75/rtl/cm3_fpb.v" into library xil_defaultlib
INFO: [VRFC 10-311] analyzing module cm3_fpb
INFO: [VRFC 10-2263] Analyzing Verilog file "V:/hardware/m3_for_arty_a7/block_diagram/ipshared/ea75/rtl/cm3_dpu.v" into library xil_defaultlib
INFO: [VRFC 10-311] analyzing module cm3_dpu_regbank
INFO: [VRFC 10-311] analyzing module cm3_dpu_16bit_dec
INFO: [VRFC 10-311] analyzing module cm3_dpu_lsu_ctl
INFO: [VRFC 10-311] analyzing module cm3_dpu_exec
INFO: [VRFC 10-311] analyzing module cm3_dpu_alu_ctl
INFO: [VRFC 10-311] analyzing module cm3_dpu_dec
INFO: [VRFC 10-311] analyzing module cm3_dpu_status
INFO: [VRFC 10-311] analyzing module cm3_dpu_fetch_ahbintf
INFO: [VRFC 10-311] analyzing module cm3_dpu_lsu_ahbintf
INFO: [VRFC 10-311] analyzing module cm3_dpu_fetch
INFO: [VRFC 10-311] analyzing module cm3_dpu_32bit_dec
INFO: [VRFC 10-311] analyzing module cm3_dpu_alu_bshift
INFO: [VRFC 10-311] analyzing module cm3_dpu_alu
INFO: [VRFC 10-311] analyzing module cm3_dpu_etmintf
INFO: [VRFC 10-311] analyzing module cm3_dpu
INFO: [VRFC 10-311] analyzing module cm3_dpu_alu_dp
INFO: [VRFC 10-311] analyzing module cm3_dpu_br_dec
INFO: [VRFC 10-311] analyzing module cm3_dpu_lsu
INFO: [VRFC 10-311] analyzing module cm3_dpu_alu_srtdiv
INFO: [VRFC 10-311] analyzing module cm3_dpu_regfile
INFO: [VRFC 10-311] analyzing module cm3_dpu_fetch_ctl
INFO: [VRFC 10-2263] Analyzing Verilog file "V:/hardware/m3_for_arty_a7/block_diagram/ipshared/ea75/rtl/cm3_itm.v" into library xil_defaultlib
INFO: [VRFC 10-311] analyzing module cm3_itm_emit
INFO: [VRFC 10-311] analyzing module cm3_itm
INFO: [VRFC 10-311] analyzing module cm3_itm_if
INFO: [VRFC 10-311] analyzing module cm3_itm_fifo_byte
INFO: [VRFC 10-311] analyzing module cm3_itm_ts
INFO: [VRFC 10-311] analyzing module cm3_itm_arb
INFO: [VRFC 10-311] analyzing module cm3_itm_fifo
INFO: [VRFC 10-2263] Analyzing Verilog file "V:/hardware/m3_for_arty_a7/block_diagram/ipshared/ea75/rtl/cm3_etm.v" into library xil_defaultlib
INFO: [VRFC 10-311] analyzing module CM3ETM
INFO: [VRFC 10-311] analyzing module cm3_etm_control_reg
INFO: [VRFC 10-311] analyzing module cm3_etm_res_control
INFO: [VRFC 10-311] analyzing module cm3_etm_trace_out
INFO: [VRFC 10-311] analyzing module cm3_etm_event_gen
INFO: [VRFC 10-311] analyzing module cm3_etm_fifo
INFO: [VRFC 10-311] analyzing module cm3_etm_trace
INFO: [VRFC 10-311] analyzing module cm3_etm_trc_en
INFO: [VRFC 10-311] analyzing module cm3_etm_trigger
INFO: [VRFC 10-311] analyzing module cm3_etm_gen
INFO: [VRFC 10-311] analyzing module cm3_etm_trig_gen
INFO: [VRFC 10-311] analyzing module cm3_etm_apb_if
INFO: [VRFC 10-311] analyzing module cm3_etm_sync_count
INFO: [VRFC 10-2263] Analyzing Verilog file "V:/hardware/m3_for_arty_a7/block_diagram/ipshared/ea75/rtl/cortexm3.v" into library xil_defaultlib
INFO: [VRFC 10-311] analyzing module cm3_htm_port
INFO: [VRFC 10-311] analyzing module cm3_ppb_ahb_to_apb
INFO: [VRFC 10-311] analyzing module CORTEXM3
INFO: [VRFC 10-311] analyzing module cm3_ppb_decoder
INFO: [VRFC 10-2263] Analyzing Verilog file "V:/hardware/m3_for_arty_a7/block_diagram/ipshared/ea75/rtl/cortexm3_integration.v" into library xil_defaultlib
INFO: [VRFC 10-311] analyzing module cm3_code_mux
INFO: [VRFC 10-311] analyzing module cm3_rom_table
INFO: [VRFC 10-311] analyzing module cm3_tscnt_48
INFO: [VRFC 10-311] analyzing module cm3_flash_mux
INFO: [VRFC 10-311] analyzing module input_stage_t
INFO: [VRFC 10-311] analyzing module matrix_decode_t
INFO: [VRFC 10-311] analyzing module output_stage_t
INFO: [VRFC 10-311] analyzing module output_arb_t
INFO: [VRFC 10-311] analyzing module X_TCMDBG
INFO: [VRFC 10-311] analyzing module CortexM3DbgAXI
INFO: [VRFC 10-2458] undeclared symbol exrespc, assumed default net type wire [V:/hardware/m3_for_arty_a7/block_diagram/ipshared/ea75/rtl/cortexm3_integration.v:1836]
INFO: [VRFC 10-311] analyzing module CORTEXM3INTEGRATION
INFO: [VRFC 10-2263] Analyzing Verilog file "V:/hardware/m3_for_arty_a7/block_diagram/ip/m3_for_arty_a7_Cortex_M3_0_0_1/sim/m3_for_arty_a7_Cortex_M3_0_0.v" into library xil_defaultlib
INFO: [VRFC 10-311] analyzing module m3_for_arty_a7_Cortex_M3_0_0
INFO: [VRFC 10-2263] Analyzing Verilog file "V:/hardware/m3_for_arty_a7/block_diagram/ip/m3_for_arty_a7_xadc_wiz_0_0/m3_for_arty_a7_xadc_wiz_0_0.v" into library xil_defaultlib
INFO: [VRFC 10-311] analyzing module m3_for_arty_a7_xadc_wiz_0_0
INFO: [VRFC 10-2263] Analyzing Verilog file "V:/hardware/m3_for_arty_a7/block_diagram/ip/m3_for_arty_a7_PmodESP32_0_4/ipshared/0a6f/src/pmod_concat.v" into library xil_defaultlib
INFO: [VRFC 10-311] analyzing module pmod_concat
INFO: [VRFC 10-2263] Analyzing Verilog file "V:/hardware/m3_for_arty_a7/block_diagram/ip/m3_for_arty_a7_PmodESP32_0_4/src/PmodESP32_pmod_bridge_0_0/sim/PmodESP32_pmod_bridge_0_0.v" into library xil_defaultlib
INFO: [VRFC 10-311] analyzing module PmodESP32_pmod_bridge_0_0
INFO: [VRFC 10-2263] Analyzing Verilog file "V:/hardware/m3_for_arty_a7/block_diagram/ipshared/6011/src/PmodESP32.v" into library xil_defaultlib
INFO: [VRFC 10-311] analyzing module PmodESP32
INFO: [VRFC 10-2263] Analyzing Verilog file "V:/hardware/m3_for_arty_a7/block_diagram/ip/m3_for_arty_a7_PmodESP32_0_4/sim/m3_for_arty_a7_PmodESP32_0_4.v" into library xil_defaultlib
INFO: [VRFC 10-311] analyzing module m3_for_arty_a7_PmodESP32_0_4
INFO: [VRFC 10-2263] Analyzing Verilog file "V:/hardware/m3_for_arty_a7/block_diagram/sim/m3_for_arty_a7.v" into library xil_defaultlib
INFO: [VRFC 10-311] analyzing module Clocks_and_Resets_imp_1WLR2TP
INFO: [VRFC 10-311] analyzing module daplink_if_0_imp_5IHHOQ
INFO: [VRFC 10-311] analyzing module m00_couplers_imp_13L60SF
INFO: [VRFC 10-311] analyzing module m00_couplers_imp_JNWG9E
INFO: [VRFC 10-311] analyzing module m01_couplers_imp_1JHKYGL
INFO: [VRFC 10-311] analyzing module m01_couplers_imp_4B5460
INFO: [VRFC 10-311] analyzing module m02_couplers_imp_18D5QAL
INFO: [VRFC 10-311] analyzing module m02_couplers_imp_OAWDIO
INFO: [VRFC 10-311] analyzing module m03_couplers_imp_1NKLPAV
INFO: [VRFC 10-311] analyzing module m03_couplers_imp_8J5MKA
INFO: [VRFC 10-311] analyzing module m04_couplers_imp_D9WIKT
INFO: [VRFC 10-311] analyzing module m05_couplers_imp_1CJX44Q
INFO: [VRFC 10-311] analyzing module m06_couplers_imp_1WI4A9U
INFO: [VRFC 10-311] analyzing module m07_couplers_imp_X8EK9X
INFO: [VRFC 10-311] analyzing module m08_couplers_imp_15AL04S
INFO: [VRFC 10-311] analyzing module m3_for_arty_a7
INFO: [VRFC 10-311] analyzing module m3_for_arty_a7_axi_interconnect_0_0
INFO: [VRFC 10-311] analyzing module m3_for_arty_a7_axi_interconnect_0_1
INFO: [VRFC 10-311] analyzing module s00_couplers_imp_11BAHIF
INFO: [VRFC 10-311] analyzing module s00_couplers_imp_LNGPOQ
INFO: [VRFC 10-2263] Analyzing Verilog file "V:/hardware/m3_for_arty_a7/block_diagram/ip/m3_for_arty_a7_auto_pc_0_1/sim/m3_for_arty_a7_auto_pc_0.v" into library xil_defaultlib
INFO: [VRFC 10-311] analyzing module m3_for_arty_a7_auto_pc_0
INFO: [VRFC 10-2263] Analyzing Verilog file "V:/hardware/m3_for_arty_a7/block_diagram/hdl/m3_for_arty_a7_wrapper.v" into library xil_defaultlib
INFO: [VRFC 10-311] analyzing module m3_for_arty_a7_wrapper
INFO: [VRFC 10-2263] Analyzing Verilog file "V:/hardware/m3_for_arty_a7/m3_for_arty_a7/m3_for_arty_a7.sim/sim_1/behav/xsim/glbl.v" into library xil_defaultlib
INFO: [VRFC 10-311] analyzing module glbl
INFO: [VRFC 10-163] Analyzing VHDL file "V:/hardware/m3_for_arty_a7/block_diagram/ip/m3_for_arty_a7_proc_sys_reset_DAPLink_0_1/sim/m3_for_arty_a7_proc_sys_reset_DAPLink_0.vhd" into library xil_defaultlib
INFO: [VRFC 10-3107] analyzing entity 'm3_for_arty_a7_proc_sys_reset_DAPLink_0'
INFO: [VRFC 10-163] Analyzing VHDL file "V:/hardware/m3_for_arty_a7/block_diagram/ip/m3_for_arty_a7_proc_sys_reset_base_0_1/sim/m3_for_arty_a7_proc_sys_reset_base_0.vhd" into library xil_defaultlib
INFO: [VRFC 10-3107] analyzing entity 'm3_for_arty_a7_proc_sys_reset_base_0'
INFO: [VRFC 10-163] Analyzing VHDL file "V:/hardware/m3_for_arty_a7/block_diagram/ip/m3_for_arty_a7_axi_bram_ctrl_0_0_1/sim/m3_for_arty_a7_axi_bram_ctrl_0_0.vhd" into library xil_defaultlib
INFO: [VRFC 10-3107] analyzing entity 'm3_for_arty_a7_axi_bram_ctrl_0_0'
INFO: [VRFC 10-163] Analyzing VHDL file "V:/hardware/m3_for_arty_a7/block_diagram/ip/m3_for_arty_a7_axi_gpio_0_0_1/sim/m3_for_arty_a7_axi_gpio_0_0.vhd" into library xil_defaultlib
INFO: [VRFC 10-3107] analyzing entity 'm3_for_arty_a7_axi_gpio_0_0'
INFO: [VRFC 10-163] Analyzing VHDL file "V:/hardware/m3_for_arty_a7/block_diagram/ip/m3_for_arty_a7_axi_gpio_1_0_1/sim/m3_for_arty_a7_axi_gpio_1_0.vhd" into library xil_defaultlib
INFO: [VRFC 10-3107] analyzing entity 'm3_for_arty_a7_axi_gpio_1_0'
INFO: [VRFC 10-163] Analyzing VHDL file "V:/hardware/m3_for_arty_a7/block_diagram/ip/m3_for_arty_a7_axi_quad_spi_0_0_1/sim/m3_for_arty_a7_axi_quad_spi_0_0.vhd" into library xil_defaultlib
INFO: [VRFC 10-3107] analyzing entity 'm3_for_arty_a7_axi_quad_spi_0_0'
INFO: [VRFC 10-163] Analyzing VHDL file "V:/hardware/m3_for_arty_a7/block_diagram/ip/m3_for_arty_a7_axi_uartlite_0_0_1/sim/m3_for_arty_a7_axi_uartlite_0_0.vhd" into library xil_defaultlib
INFO: [VRFC 10-3107] analyzing entity 'm3_for_arty_a7_axi_uartlite_0_0'
INFO: [VRFC 10-163] Analyzing VHDL file "V:/hardware/m3_for_arty_a7/block_diagram/ip/m3_for_arty_a7_axi_single_spi_0_0_1/sim/m3_for_arty_a7_axi_single_spi_0_0.vhd" into library xil_defaultlib
INFO: [VRFC 10-3107] analyzing entity 'm3_for_arty_a7_axi_single_spi_0_0'
INFO: [VRFC 10-163] Analyzing VHDL file "V:/hardware/m3_for_arty_a7/block_diagram/ip/m3_for_arty_a7_axi_quad_spi_0_1_1/sim/m3_for_arty_a7_axi_quad_spi_0_1.vhd" into library xil_defaultlib
INFO: [VRFC 10-3107] analyzing entity 'm3_for_arty_a7_axi_quad_spi_0_1'
INFO: [VRFC 10-163] Analyzing VHDL file "V:/hardware/m3_for_arty_a7/block_diagram/ip/m3_for_arty_a7_axi_xip_quad_spi_0_0_1/sim/m3_for_arty_a7_axi_xip_quad_spi_0_0.vhd" into library xil_defaultlib
INFO: [VRFC 10-3107] analyzing entity 'm3_for_arty_a7_axi_xip_quad_spi_0_0'
INFO: [VRFC 10-163] Analyzing VHDL file "V:/hardware/m3_for_arty_a7/block_diagram/ip/m3_for_arty_a7_axi_gpio_0_1_1/sim/m3_for_arty_a7_axi_gpio_0_1.vhd" into library xil_defaultlib
INFO: [VRFC 10-3107] analyzing entity 'm3_for_arty_a7_axi_gpio_0_1'
INFO: [VRFC 10-163] Analyzing VHDL file "V:/hardware/m3_for_arty_a7/block_diagram/ip/m3_for_arty_a7_xadc_wiz_0_0/proc_common_v3_30_a/hdl/src/vhdl/m3_for_arty_a7_xadc_wiz_0_0_conv_funs_pkg.vhd" into library xil_defaultlib
INFO: [VRFC 10-163] Analyzing VHDL file "V:/hardware/m3_for_arty_a7/block_diagram/ip/m3_for_arty_a7_xadc_wiz_0_0/proc_common_v3_30_a/hdl/src/vhdl/m3_for_arty_a7_xadc_wiz_0_0_proc_common_pkg.vhd" into library xil_defaultlib
INFO: [VRFC 10-163] Analyzing VHDL file "V:/hardware/m3_for_arty_a7/block_diagram/ip/m3_for_arty_a7_xadc_wiz_0_0/proc_common_v3_30_a/hdl/src/vhdl/m3_for_arty_a7_xadc_wiz_0_0_ipif_pkg.vhd" into library xil_defaultlib
INFO: [VRFC 10-163] Analyzing VHDL file "V:/hardware/m3_for_arty_a7/block_diagram/ip/m3_for_arty_a7_xadc_wiz_0_0/proc_common_v3_30_a/hdl/src/vhdl/m3_for_arty_a7_xadc_wiz_0_0_family_support.vhd" into library xil_defaultlib
INFO: [VRFC 10-163] Analyzing VHDL file "V:/hardware/m3_for_arty_a7/block_diagram/ip/m3_for_arty_a7_xadc_wiz_0_0/proc_common_v3_30_a/hdl/src/vhdl/m3_for_arty_a7_xadc_wiz_0_0_family.vhd" into library xil_defaultlib
INFO: [VRFC 10-163] Analyzing VHDL file "V:/hardware/m3_for_arty_a7/block_diagram/ip/m3_for_arty_a7_xadc_wiz_0_0/proc_common_v3_30_a/hdl/src/vhdl/m3_for_arty_a7_xadc_wiz_0_0_soft_reset.vhd" into library xil_defaultlib
INFO: [VRFC 10-3107] analyzing entity 'm3_for_arty_a7_xadc_wiz_0_0_soft_reset'
INFO: [VRFC 10-163] Analyzing VHDL file "V:/hardware/m3_for_arty_a7/block_diagram/ip/m3_for_arty_a7_xadc_wiz_0_0/proc_common_v3_30_a/hdl/src/vhdl/m3_for_arty_a7_xadc_wiz_0_0_pselect_f.vhd" into library xil_defaultlib
INFO: [VRFC 10-3107] analyzing entity 'm3_for_arty_a7_xadc_wiz_0_0_pselect_f'
INFO: [VRFC 10-163] Analyzing VHDL file "V:/hardware/m3_for_arty_a7/block_diagram/ip/m3_for_arty_a7_xadc_wiz_0_0/axi_lite_ipif_v1_01_a/hdl/src/vhdl/m3_for_arty_a7_xadc_wiz_0_0_address_decoder.vhd" into library xil_defaultlib
INFO: [VRFC 10-3107] analyzing entity 'm3_for_arty_a7_xadc_wiz_0_0_address_decoder'
INFO: [VRFC 10-163] Analyzing VHDL file "V:/hardware/m3_for_arty_a7/block_diagram/ip/m3_for_arty_a7_xadc_wiz_0_0/axi_lite_ipif_v1_01_a/hdl/src/vhdl/m3_for_arty_a7_xadc_wiz_0_0_slave_attachment.vhd" into library xil_defaultlib
INFO: [VRFC 10-3107] analyzing entity 'm3_for_arty_a7_xadc_wiz_0_0_slave_attachment'
INFO: [VRFC 10-163] Analyzing VHDL file "V:/hardware/m3_for_arty_a7/block_diagram/ip/m3_for_arty_a7_xadc_wiz_0_0/interrupt_control_v2_01_a/hdl/src/vhdl/m3_for_arty_a7_xadc_wiz_0_0_interrupt_control.vhd" into library xil_defaultlib
INFO: [VRFC 10-3107] analyzing entity 'm3_for_arty_a7_xadc_wiz_0_0_interrupt_control'
INFO: [VRFC 10-163] Analyzing VHDL file "V:/hardware/m3_for_arty_a7/block_diagram/ip/m3_for_arty_a7_xadc_wiz_0_0/axi_lite_ipif_v1_01_a/hdl/src/vhdl/m3_for_arty_a7_xadc_wiz_0_0_axi_lite_ipif.vhd" into library xil_defaultlib
INFO: [VRFC 10-3107] analyzing entity 'm3_for_arty_a7_xadc_wiz_0_0_axi_lite_ipif'
INFO: [VRFC 10-163] Analyzing VHDL file "V:/hardware/m3_for_arty_a7/block_diagram/ip/m3_for_arty_a7_xadc_wiz_0_0/m3_for_arty_a7_xadc_wiz_0_0_xadc_core_drp.vhd" into library xil_defaultlib
INFO: [VRFC 10-3107] analyzing entity 'm3_for_arty_a7_xadc_wiz_0_0_xadc_core_drp'
INFO: [VRFC 10-163] Analyzing VHDL file "V:/hardware/m3_for_arty_a7/block_diagram/ip/m3_for_arty_a7_xadc_wiz_0_0/m3_for_arty_a7_xadc_wiz_0_0_axi_xadc.vhd" into library xil_defaultlib
INFO: [VRFC 10-3107] analyzing entity 'm3_for_arty_a7_xadc_wiz_0_0_axi_xadc'
INFO: [VRFC 10-163] Analyzing VHDL file "V:/hardware/m3_for_arty_a7/block_diagram/ip/m3_for_arty_a7_PmodESP32_0_4/src/PmodESP32_axi_uartlite_0_0/sim/PmodESP32_axi_uartlite_0_0.vhd" into library xil_defaultlib
INFO: [VRFC 10-3107] analyzing entity 'PmodESP32_axi_uartlite_0_0'
INFO: [VRFC 10-163] Analyzing VHDL file "V:/hardware/m3_for_arty_a7/block_diagram/ip/m3_for_arty_a7_PmodESP32_0_4/src/PmodESP32_axi_gpio_0_0/sim/PmodESP32_axi_gpio_0_0.vhd" into library xil_defaultlib
INFO: [VRFC 10-3107] analyzing entity 'PmodESP32_axi_gpio_0_0'
