INFO: [VRFC 10-163] Analyzing VHDL file "V:/hardware/m3_for_arty_a7/block_diagram/ip/m3_for_arty_a7_proc_sys_reset_DAPLink_0_1/sim/m3_for_arty_a7_proc_sys_reset_DAPLink_0.vhd" into library xil_defaultlib
INFO: [VRFC 10-3107] analyzing entity 'm3_for_arty_a7_proc_sys_reset_DAPLink_0'
INFO: [VRFC 10-163] Analyzing VHDL file "V:/hardware/m3_for_arty_a7/block_diagram/ip/m3_for_arty_a7_proc_sys_reset_base_0_1/sim/m3_for_arty_a7_proc_sys_reset_base_0.vhd" into library xil_defaultlib
INFO: [VRFC 10-3107] analyzing entity 'm3_for_arty_a7_proc_sys_reset_base_0'
INFO: [VRFC 10-163] Analyzing VHDL file "V:/hardware/m3_for_arty_a7/block_diagram/ip/m3_for_arty_a7_axi_bram_ctrl_0_0_1/sim/m3_for_arty_a7_axi_bram_ctrl_0_0.vhd" into library xil_defaultlib
INFO: [VRFC 10-3107] analyzing entity 'm3_for_arty_a7_axi_bram_ctrl_0_0'
INFO: [VRFC 10-163] Analyzing VHDL file "V:/hardware/m3_for_arty_a7/block_diagram/ip/m3_for_arty_a7_axi_gpio_0_0_1/sim/m3_for_arty_a7_axi_gpio_0_0.vhd" into library xil_defaultlib
INFO: [VRFC 10-3107] analyzing entity 'm3_for_arty_a7_axi_gpio_0_0'
INFO: [VRFC 10-163] Analyzing VHDL file "V:/hardware/m3_for_arty_a7/block_diagram/ip/m3_for_arty_a7_axi_gpio_1_0_1/sim/m3_for_arty_a7_axi_gpio_1_0.vhd" into library xil_defaultlib
INFO: [VRFC 10-3107] analyzing entity 'm3_for_arty_a7_axi_gpio_1_0'
INFO: [VRFC 10-163] Analyzing VHDL file "V:/hardware/m3_for_arty_a7/block_diagram/ip/m3_for_arty_a7_axi_quad_spi_0_0_1/sim/m3_for_arty_a7_axi_quad_spi_0_0.vhd" into library xil_defaultlib
INFO: [VRFC 10-3107] analyzing entity 'm3_for_arty_a7_axi_quad_spi_0_0'
INFO: [VRFC 10-163] Analyzing VHDL file "V:/hardware/m3_for_arty_a7/block_diagram/ip/m3_for_arty_a7_axi_uartlite_0_0_1/sim/m3_for_arty_a7_axi_uartlite_0_0.vhd" into library xil_defaultlib
INFO: [VRFC 10-3107] analyzing entity 'm3_for_arty_a7_axi_uartlite_0_0'
INFO: [VRFC 10-163] Analyzing VHDL file "V:/hardware/m3_for_arty_a7/block_diagram/ip/m3_for_arty_a7_axi_single_spi_0_0_1/sim/m3_for_arty_a7_axi_single_spi_0_0.vhd" into library xil_defaultlib
INFO: [VRFC 10-3107] analyzing entity 'm3_for_arty_a7_axi_single_spi_0_0'
INFO: [VRFC 10-163] Analyzing VHDL file "V:/hardware/m3_for_arty_a7/block_diagram/ip/m3_for_arty_a7_axi_quad_spi_0_1_1/sim/m3_for_arty_a7_axi_quad_spi_0_1.vhd" into library xil_defaultlib
INFO: [VRFC 10-3107] analyzing entity 'm3_for_arty_a7_axi_quad_spi_0_1'
INFO: [VRFC 10-163] Analyzing VHDL file "V:/hardware/m3_for_arty_a7/block_diagram/ip/m3_for_arty_a7_axi_xip_quad_spi_0_0_1/sim/m3_for_arty_a7_axi_xip_quad_spi_0_0.vhd" into library xil_defaultlib
INFO: [VRFC 10-3107] analyzing entity 'm3_for_arty_a7_axi_xip_quad_spi_0_0'
INFO: [VRFC 10-163] Analyzing VHDL file "V:/hardware/m3_for_arty_a7/block_diagram/ip/m3_for_arty_a7_axi_gpio_0_1_1/sim/m3_for_arty_a7_axi_gpio_0_1.vhd" into library xil_defaultlib
INFO: [VRFC 10-3107] analyzing entity 'm3_for_arty_a7_axi_gpio_0_1'
INFO: [VRFC 10-163] Analyzing VHDL file "V:/hardware/m3_for_arty_a7/block_diagram/ip/m3_for_arty_a7_xadc_wiz_0_0/proc_common_v3_30_a/hdl/src/vhdl/m3_for_arty_a7_xadc_wiz_0_0_conv_funs_pkg.vhd" into library xil_defaultlib
INFO: [VRFC 10-163] Analyzing VHDL file "V:/hardware/m3_for_arty_a7/block_diagram/ip/m3_for_arty_a7_xadc_wiz_0_0/proc_common_v3_30_a/hdl/src/vhdl/m3_for_arty_a7_xadc_wiz_0_0_proc_common_pkg.vhd" into library xil_defaultlib
INFO: [VRFC 10-163] Analyzing VHDL file "V:/hardware/m3_for_arty_a7/block_diagram/ip/m3_for_arty_a7_xadc_wiz_0_0/proc_common_v3_30_a/hdl/src/vhdl/m3_for_arty_a7_xadc_wiz_0_0_ipif_pkg.vhd" into library xil_defaultlib
INFO: [VRFC 10-163] Analyzing VHDL file "V:/hardware/m3_for_arty_a7/block_diagram/ip/m3_for_arty_a7_xadc_wiz_0_0/proc_common_v3_30_a/hdl/src/vhdl/m3_for_arty_a7_xadc_wiz_0_0_family_support.vhd" into library xil_defaultlib
INFO: [VRFC 10-163] Analyzing VHDL file "V:/hardware/m3_for_arty_a7/block_diagram/ip/m3_for_arty_a7_xadc_wiz_0_0/proc_common_v3_30_a/hdl/src/vhdl/m3_for_arty_a7_xadc_wiz_0_0_family.vhd" into library xil_defaultlib
INFO: [VRFC 10-163] Analyzing VHDL file "V:/hardware/m3_for_arty_a7/block_diagram/ip/m3_for_arty_a7_xadc_wiz_0_0/proc_common_v3_30_a/hdl/src/vhdl/m3_for_arty_a7_xadc_wiz_0_0_soft_reset.vhd" into library xil_defaultlib
INFO: [VRFC 10-3107] analyzing entity 'm3_for_arty_a7_xadc_wiz_0_0_soft_reset'
INFO: [VRFC 10-163] Analyzing VHDL file "V:/hardware/m3_for_arty_a7/block_diagram/ip/m3_for_arty_a7_xadc_wiz_0_0/proc_common_v3_30_a/hdl/src/vhdl/m3_for_arty_a7_xadc_wiz_0_0_pselect_f.vhd" into library xil_defaultlib
INFO: [VRFC 10-3107] analyzing entity 'm3_for_arty_a7_xadc_wiz_0_0_pselect_f'
INFO: [VRFC 10-163] Analyzing VHDL file "V:/hardware/m3_for_arty_a7/block_diagram/ip/m3_for_arty_a7_xadc_wiz_0_0/axi_lite_ipif_v1_01_a/hdl/src/vhdl/m3_for_arty_a7_xadc_wiz_0_0_address_decoder.vhd" into library xil_defaultlib
INFO: [VRFC 10-3107] analyzing entity 'm3_for_arty_a7_xadc_wiz_0_0_address_decoder'
INFO: [VRFC 10-163] Analyzing VHDL file "V:/hardware/m3_for_arty_a7/block_diagram/ip/m3_for_arty_a7_xadc_wiz_0_0/axi_lite_ipif_v1_01_a/hdl/src/vhdl/m3_for_arty_a7_xadc_wiz_0_0_slave_attachment.vhd" into library xil_defaultlib
INFO: [VRFC 10-3107] analyzing entity 'm3_for_arty_a7_xadc_wiz_0_0_slave_attachment'
INFO: [VRFC 10-163] Analyzing VHDL file "V:/hardware/m3_for_arty_a7/block_diagram/ip/m3_for_arty_a7_xadc_wiz_0_0/interrupt_control_v2_01_a/hdl/src/vhdl/m3_for_arty_a7_xadc_wiz_0_0_interrupt_control.vhd" into library xil_defaultlib
INFO: [VRFC 10-3107] analyzing entity 'm3_for_arty_a7_xadc_wiz_0_0_interrupt_control'
INFO: [VRFC 10-163] Analyzing VHDL file "V:/hardware/m3_for_arty_a7/block_diagram/ip/m3_for_arty_a7_xadc_wiz_0_0/axi_lite_ipif_v1_01_a/hdl/src/vhdl/m3_for_arty_a7_xadc_wiz_0_0_axi_lite_ipif.vhd" into library xil_defaultlib
INFO: [VRFC 10-3107] analyzing entity 'm3_for_arty_a7_xadc_wiz_0_0_axi_lite_ipif'
INFO: [VRFC 10-163] Analyzing VHDL file "V:/hardware/m3_for_arty_a7/block_diagram/ip/m3_for_arty_a7_xadc_wiz_0_0/m3_for_arty_a7_xadc_wiz_0_0_xadc_core_drp.vhd" into library xil_defaultlib
INFO: [VRFC 10-3107] analyzing entity 'm3_for_arty_a7_xadc_wiz_0_0_xadc_core_drp'
INFO: [VRFC 10-163] Analyzing VHDL file "V:/hardware/m3_for_arty_a7/block_diagram/ip/m3_for_arty_a7_xadc_wiz_0_0/m3_for_arty_a7_xadc_wiz_0_0_axi_xadc.vhd" into library xil_defaultlib
INFO: [VRFC 10-3107] analyzing entity 'm3_for_arty_a7_xadc_wiz_0_0_axi_xadc'
INFO: [VRFC 10-163] Analyzing VHDL file "V:/hardware/m3_for_arty_a7/block_diagram/ip/m3_for_arty_a7_PmodESP32_0_4/src/PmodESP32_axi_uartlite_0_0/sim/PmodESP32_axi_uartlite_0_0.vhd" into library xil_defaultlib
INFO: [VRFC 10-3107] analyzing entity 'PmodESP32_axi_uartlite_0_0'
INFO: [VRFC 10-163] Analyzing VHDL file "V:/hardware/m3_for_arty_a7/block_diagram/ip/m3_for_arty_a7_PmodESP32_0_4/src/PmodESP32_axi_gpio_0_0/sim/PmodESP32_axi_gpio_0_0.vhd" into library xil_defaultlib
INFO: [VRFC 10-3107] analyzing entity 'PmodESP32_axi_gpio_0_0'
