Copyright 1986-2020 Xilinx, Inc. All Rights Reserved.
----------------------------------------------------------------------------------------------------------------------------------------------------------------------------------------
| Tool Version     : Vivado v.2020.1 (win64) Build 2902540 Wed May 27 19:54:49 MDT 2020
| Date             : Tue Jul 20 15:23:04 2021
| Host             : LAPTOP-7C23HM8C running 64-bit major release  (build 9200)
| Command          : report_power -file m3_for_arty_a7_wrapper_power_routed.rpt -pb m3_for_arty_a7_wrapper_power_summary_routed.pb -rpx m3_for_arty_a7_wrapper_power_routed.rpx
| Design           : m3_for_arty_a7_wrapper
| Device           : xc7s50csga324-1
| Design State     : routed
| Grade            : commercial
| Process          : typical
| Characterization : Production
----------------------------------------------------------------------------------------------------------------------------------------------------------------------------------------

Power Report

Table of Contents
-----------------
1. Summary
1.1 On-Chip Components
1.2 Power Supply Summary
1.3 Confidence Level
2. Settings
2.1 Environment
2.2 Clock Constraints
3. Detailed Reports
3.1 By Hierarchy

1. Summary
----------

+--------------------------+--------------+
| Total On-Chip Power (W)  | 0.264        |
| Design Power Budget (W)  | Unspecified* |
| Power Budget Margin (W)  | NA           |
| Dynamic (W)              | 0.190        |
| Device Static (W)        | 0.073        |
| Effective TJA (C/W)      | 4.9          |
| Max Ambient (C)          | 83.7         |
| Junction Temperature (C) | 26.3         |
| Confidence Level         | Low          |
| Setting File             | ---          |
| Simulation Activity File | ---          |
| Design Nets Matched      | NA           |
+--------------------------+--------------+
* Specify Design Power Budget using, set_operating_conditions -design_power_budget <value in Watts>


1.1 On-Chip Components
----------------------

+-------------------------+-----------+----------+-----------+-----------------+
| On-Chip                 | Power (W) | Used     | Available | Utilization (%) |
+-------------------------+-----------+----------+-----------+-----------------+
| Clocks                  |     0.020 |       11 |       --- |             --- |
| Slice Logic             |     0.015 |    28573 |       --- |             --- |
|   LUT as Logic          |     0.014 |    16374 |     32600 |           50.23 |
|   CARRY4                |    <0.001 |      313 |      8150 |            3.84 |
|   Register              |    <0.001 |     9351 |     65200 |           14.34 |
|   F7/F8 Muxes           |    <0.001 |      221 |     32600 |            0.68 |
|   LUT as Shift Register |    <0.001 |       58 |      9600 |            0.60 |
|   Others                |     0.000 |      625 |       --- |             --- |
| Signals                 |     0.024 |    23293 |       --- |             --- |
| Block RAM               |     0.010 |     22.5 |        75 |           30.00 |
| MMCM                    |     0.106 |        1 |         5 |           20.00 |
| DSPs                    |    <0.001 |        3 |       120 |            2.50 |
| I/O                     |     0.014 |       54 |       210 |           25.71 |
| XADC                    |    <0.001 |        1 |       --- |             --- |
| Static Power            |     0.073 |          |           |                 |
| Total                   |     0.264 |          |           |                 |
+-------------------------+-----------+----------+-----------+-----------------+


1.2 Power Supply Summary
------------------------

+-----------+-------------+-----------+-------------+------------+-------------+-------------+------------+
| Source    | Voltage (V) | Total (A) | Dynamic (A) | Static (A) | Powerup (A) | Budget (A)  | Margin (A) |
+-----------+-------------+-----------+-------------+------------+-------------+-------------+------------+
| Vccint    |       1.000 |     0.080 |       0.069 |      0.011 |       NA    | Unspecified | NA         |
| Vccaux    |       1.800 |     0.072 |       0.059 |      0.013 |       NA    | Unspecified | NA         |
| Vcco33    |       3.300 |     0.005 |       0.004 |      0.001 |       NA    | Unspecified | NA         |
| Vcco25    |       2.500 |     0.000 |       0.000 |      0.000 |       NA    | Unspecified | NA         |
| Vcco18    |       1.800 |     0.000 |       0.000 |      0.000 |       NA    | Unspecified | NA         |
| Vcco15    |       1.500 |     0.000 |       0.000 |      0.000 |       NA    | Unspecified | NA         |
| Vcco135   |       1.350 |     0.000 |       0.000 |      0.000 |       NA    | Unspecified | NA         |
| Vcco12    |       1.200 |     0.000 |       0.000 |      0.000 |       NA    | Unspecified | NA         |
| Vccaux_io |       1.800 |     0.000 |       0.000 |      0.000 |       NA    | Unspecified | NA         |
| Vccbram   |       1.000 |     0.002 |       0.001 |      0.001 |       NA    | Unspecified | NA         |
| Vccadc    |       1.800 |     0.020 |       0.000 |      0.020 |       NA    | Unspecified | NA         |
+-----------+-------------+-----------+-------------+------------+-------------+-------------+------------+


1.3 Confidence Level
--------------------

+-----------------------------+------------+--------------------------------------------------------+------------------------------------------------------------------------------------------------------------+
| User Input Data             | Confidence | Details                                                | Action                                                                                                     |
+-----------------------------+------------+--------------------------------------------------------+------------------------------------------------------------------------------------------------------------+
| Design implementation state | High       | Design is routed                                       |                                                                                                            |
| Clock nodes activity        | High       | User specified more than 95% of clocks                 |                                                                                                            |
| I/O nodes activity          | Low        | More than 75% of inputs are missing user specification | Provide missing input activity with simulation results or by editing the "By Resource Type -> I/Os" view   |
| Internal nodes activity     | Medium     | User specified less than 25% of internal nodes         | Provide missing internal nodes activity with simulation results or by editing the "By Resource Type" views |
| Device models               | High       | Device models are Production                           |                                                                                                            |
|                             |            |                                                        |                                                                                                            |
| Overall confidence level    | Low        |                                                        |                                                                                                            |
+-----------------------------+------------+--------------------------------------------------------+------------------------------------------------------------------------------------------------------------+


2. Settings
-----------

2.1 Environment
---------------

+-----------------------+--------------------------+
| Ambient Temp (C)      | 25.0                     |
| ThetaJA (C/W)         | 4.9                      |
| Airflow (LFM)         | 250                      |
| Heat Sink             | medium (Medium Profile)  |
| ThetaSA (C/W)         | 4.6                      |
| Board Selection       | medium (10"x10")         |
| # of Board Layers     | 12to15 (12 to 15 Layers) |
| Board Temperature (C) | 25.0                     |
+-----------------------+--------------------------+


2.2 Clock Constraints
---------------------

+-------------------------------------+---------------------------------------------------------------------------------------+-----------------+
| Clock                               | Domain                                                                                | Constraint (ns) |
+-------------------------------------+---------------------------------------------------------------------------------------+-----------------+
| SWCLK                               | DAPLink_tri_o[15]                                                                     |            50.0 |
| clkfbout_m3_for_arty_a7_clk_wiz_0_0 | m3_for_arty_a7_i/Clocks_and_Resets/clk_wiz_0/inst/clkfbout_m3_for_arty_a7_clk_wiz_0_0 |            10.0 |
| cpu_clk                             | m3_for_arty_a7_i/Clocks_and_Resets/clk_wiz_0/inst/clk_out1_m3_for_arty_a7_clk_wiz_0_0 |            20.0 |
| dap_qspi_clk                        | DAPLink_tri_o[9]                                                                      |            20.0 |
| dap_spi_clk                         | DAPLink_tri_o[3]                                                                      |            20.0 |
| qspi_clk                            | m3_for_arty_a7_i/Clocks_and_Resets/clk_wiz_0/inst/clk_out2_m3_for_arty_a7_clk_wiz_0_0 |            20.0 |
| sys_clock                           | sys_clock                                                                             |            10.0 |
+-------------------------------------+---------------------------------------------------------------------------------------+-----------------+


3. Detailed Reports
-------------------

3.1 By Hierarchy
----------------

+--------------------------+-----------+
| Name                     | Power (W) |
+--------------------------+-----------+
| m3_for_arty_a7_wrapper   |     0.190 |
|   m3_for_arty_a7_i       |     0.177 |
|     Clocks_and_Resets    |     0.107 |
|       clk_wiz_0          |     0.107 |
|     Cortex_M3_0          |     0.052 |
|       inst               |     0.052 |
|     axi_interconnect_0   |     0.002 |
|       s00_couplers       |     0.001 |
|     axi_quad_spi_0       |     0.003 |
|       U0                 |     0.003 |
|     daplink_if_0         |     0.009 |
|       axi_quad_spi_0     |     0.003 |
|       axi_single_spi_0   |     0.003 |
|       axi_xip_quad_spi_0 |     0.002 |
|     xadc_wiz_0           |     0.002 |
|       inst               |     0.002 |
+--------------------------+-----------+


