#-----------------------------------------------------------
# updatemem v2020.1 (64-bit)
# SW Build 2902540 on Wed May 27 19:54:49 MDT 2020
# IP Build 2902112 on Wed May 27 22:43:36 MDT 2020
# Start of session at: Tue Jul 20 15:23:32 2021
# Process ID: 21240
# Current directory: V:/hardware/m3_for_arty_a7/m3_for_arty_a7/m3_for_arty_a7.runs/impl_1
# Command line: updatemem.exe -mode batch -source C:/Xilinx/Vivado/2020.1/scripts/updatemem/main.tcl -notrace -tclargs -meminfo V:/hardware/m3_for_arty_a7/m3_for_arty_a7/m3.mmi -data V:/hardware/m3_for_arty_a7/m3_for_arty_a7/bram_a7.elf -proc dummy -bit V:/hardware/m3_for_arty_a7/m3_for_arty_a7/m3_for_arty_a7.runs/impl_1/m3_for_arty_a7_wrapper.bit -out m3_for_arty_a7.bit -force
# Log file: V:/hardware/m3_for_arty_a7/m3_for_arty_a7/m3_for_arty_a7.runs/impl_1/updatemem.log
# Journal file: V:/hardware/m3_for_arty_a7/m3_for_arty_a7/m3_for_arty_a7.runs/impl_1\updatemem.jou
#-----------------------------------------------------------
source C:/Xilinx/Vivado/2020.1/scripts/updatemem/main.tcl -notrace
Command: update_mem -meminfo V:/hardware/m3_for_arty_a7/m3_for_arty_a7/m3.mmi -data V:/hardware/m3_for_arty_a7/m3_for_arty_a7/bram_a7.elf -proc dummy -bit V:/hardware/m3_for_arty_a7/m3_for_arty_a7/m3_for_arty_a7.runs/impl_1/m3_for_arty_a7_wrapper.bit -out m3_for_arty_a7.bit -force
Loading bitfile V:/hardware/m3_for_arty_a7/m3_for_arty_a7/m3_for_arty_a7.runs/impl_1/m3_for_arty_a7_wrapper.bit
Loading data files...
Updating memory content...
Creating bitstream...
Writing bitstream m3_for_arty_a7.bit...
0 Infos, 0 Warnings, 0 Critical Warnings and 0 Errors encountered.
update_mem completed successfully
update_mem: Time (s): cpu = 00:00:10 ; elapsed = 00:00:09 . Memory (MB): peak = 1063.168 ; gain = 968.773
INFO: [Common 17-206] Exiting updatemem at Tue Jul 20 15:23:42 2021...
